#
# There is insufficient memory for the Java Runtime Environment to continue.
# Native memory allocation (malloc) failed to allocate 202064 bytes for Chunk::new
# Possible reasons:
#   The system is out of physical RAM or swap space
#   The process is running with CompressedOops enabled, and the Java Heap may be blocking the growth of the native heap
# Possible solutions:
#   Reduce memory load on the system
#   Increase physical memory or swap space
#   Check if swap backing store is full
#   Decrease Java heap size (-Xmx/-Xms)
#   Decrease number of Java threads
#   Decrease Java thread stack sizes (-Xss)
#   Set larger code cache with -XX:ReservedCodeCacheSize=
#   JVM is running with Zero Based Compressed Oops mode in which the Java heap is
#     placed in the first 32GB address space. The Java Heap base address is the
#     maximum limit for the native heap growth. Please use -XX:HeapBaseMinAddress
#     to set the Java Heap base and to place the Java Heap above 32GB virtual address.
# This output file may be truncated or incomplete.
#
#  Out of Memory Error (allocation.cpp:389), pid=28164, tid=0x000000000000526c
#
# JRE version: Java(TM) SE Runtime Environment (8.0_202-b08) (build 1.8.0_202-b08)
# Java VM: Java HotSpot(TM) 64-Bit Server VM (25.202-b08 mixed mode windows-amd64 compressed oops)
# Failed to write core dump. Minidumps are not enabled by default on client versions of Windows
#

---------------  T H R E A D  ---------------

Current thread (0x000000001dbde000):  JavaThread "C2 CompilerThread2" daemon [_thread_in_native, id=21100, stack(0x000000001f430000,0x000000001f530000)]

Stack: [0x000000001f430000,0x000000001f530000]
[error occurred during error reporting (printing stack bounds), id 0xc0000005]

Native frames: (J=compiled Java code, j=interpreted, Vv=VM code, C=native code)


Current CompileTask:
C2:   3536  858       4       java.util.jar.JarFile::getEntry (22 bytes)


---------------  P R O C E S S  ---------------

Java Threads: ( => current thread )
  0x000000001dbe8000 JavaThread "Service Thread" daemon [_thread_blocked, id=17948, stack(0x000000001f630000,0x000000001f730000)]
  0x000000001dbde800 JavaThread "C1 CompilerThread3" daemon [_thread_blocked, id=5692, stack(0x000000001f530000,0x000000001f630000)]
=>0x000000001dbde000 JavaThread "C2 CompilerThread2" daemon [_thread_in_native, id=21100, stack(0x000000001f430000,0x000000001f530000)]
  0x000000001dbd9000 JavaThread "C2 CompilerThread1" daemon [_thread_in_native, id=24380, stack(0x000000001f330000,0x000000001f430000)]
  0x000000001dbd0000 JavaThread "C2 CompilerThread0" daemon [_thread_blocked, id=3364, stack(0x000000001f230000,0x000000001f330000)]
  0x000000001dbce000 JavaThread "Attach Listener" daemon [_thread_blocked, id=16488, stack(0x000000001f130000,0x000000001f230000)]
  0x000000001dbcb800 JavaThread "Signal Dispatcher" daemon [_thread_blocked, id=31468, stack(0x000000001f030000,0x000000001f130000)]
  0x000000001c4cd000 JavaThread "Finalizer" daemon [_thread_blocked, id=25208, stack(0x000000001ee30000,0x000000001ef30000)]
  0x000000001dbc3000 JavaThread "Reference Handler" daemon [_thread_blocked, id=13880, stack(0x000000001ed30000,0x000000001ee30000)]
  0x00000000027c2800 JavaThread "main" [_thread_in_Java, id=22504, stack(0x0000000002590000,0x0000000002690000)]

Other Threads:
  0x000000001c4c7000 VMThread [stack: 0x000000001ec30000,0x000000001ed30000] [id=28940]
  0x000000001dbed000 WatcherThread [stack: 0x000000001f730000,0x000000001f830000] [id=24172]

VM state:not at safepoint (normal execution)

VM Mutex/Monitor currently owned by a thread: None

heap address: 0x00000006c2400000, size: 4060 MB, Compressed Oops mode: Zero based, Oop shift amount: 3
Narrow klass base: 0x0000000000000000, Narrow klass shift: 3
Compressed class space size: 1073741824 Address: 0x00000007c0000000

Heap:
 PSYoungGen      total 75776K, used 49457K [0x000000076b700000, 0x0000000770b80000, 0x00000007c0000000)
  eden space 65024K, 76% used [0x000000076b700000,0x000000076e74c4d8,0x000000076f680000)
  from space 10752K, 0% used [0x0000000770100000,0x0000000770100000,0x0000000770b80000)
  to   space 10752K, 0% used [0x000000076f680000,0x000000076f680000,0x0000000770100000)
 ParOldGen       total 173568K, used 0K [0x00000006c2400000, 0x00000006ccd80000, 0x000000076b700000)
  object space 173568K, 0% used [0x00000006c2400000,0x00000006c2400000,0x00000006ccd80000)
 Metaspace       used 9435K, capacity 9588K, committed 9728K, reserved 1058816K
  class space    used 1142K, capacity 1213K, committed 1280K, reserved 1048576K

Card table byte_map: [0x0000000011c80000,0x0000000012470000] byte_map_base: 0x000000000e66e000

Marking Bits: (ParMarkBitMap*) 0x0000000068d05ce0
 Begin Bits: [0x00000000133c0000, 0x0000000017330000)
 End Bits:   [0x0000000017330000, 0x000000001b2a0000)

Polling page: 0x0000000000d10000

CodeCache: size=245760Kb used=3567Kb max_used=3578Kb free=242192Kb
 bounds [0x00000000028c0000, 0x0000000002c50000, 0x00000000118c0000]
 total_blobs=1166 nmethods=861 adapters=218
 compilation: enabled

Compilation events (10 events):
Event: 3.497 Thread 0x000000001dbde800  857       3       com.google.common.collect.ImmutableSet::copyOf (42 bytes)
Event: 3.497 Thread 0x000000001dbde800 nmethod 857 0x0000000002c3b410 code [0x0000000002c3b5c0, 0x0000000002c3bc48]
Event: 3.510 Thread 0x000000001dbde000  858       4       java.util.jar.JarFile::getEntry (22 bytes)
Event: 3.515 Thread 0x000000001dbd9000  859       4       java.lang.String::regionMatches (149 bytes)
Event: 3.523 Thread 0x000000001dbd9000 nmethod 859 0x0000000002c3f3d0 code [0x0000000002c3f540, 0x0000000002c3fd18]
Event: 3.528 Thread 0x000000001dbde800  860       3       sun.reflect.generics.parser.SignatureParser::parseFieldTypeSignature (6 bytes)
Event: 3.528 Thread 0x000000001dbde800 nmethod 860 0x0000000002c3f050 code [0x0000000002c3f1c0, 0x0000000002c3f348]
Event: 3.528 Thread 0x000000001dbde800  861       3       sun.reflect.generics.parser.SignatureParser::parseFieldTypeSignature (73 bytes)
Event: 3.528 Thread 0x000000001dbde800 nmethod 861 0x0000000002c3e750 code [0x0000000002c3e940, 0x0000000002c3edf8]
Event: 3.532 Thread 0x000000001dbd9000  862       4       java.util.zip.ZipCoder::getBytes (192 bytes)

GC Heap History (0 events):
No events

Deoptimization events (7 events):
Event: 2.757 Thread 0x00000000027c2800 Uncommon trap: reason=unstable_if action=reinterpret pc=0x0000000002a7dbf0 method=java.lang.String.indexOf([CII[CIII)I @ 3
Event: 3.096 Thread 0x00000000027c2800 Uncommon trap: reason=unstable_if action=reinterpret pc=0x0000000002b72834 method=org.codehaus.plexus.util.xml.pull.MXParser.nextImpl()I @ 200
Event: 3.140 Thread 0x00000000027c2800 Uncommon trap: reason=unstable_if action=reinterpret pc=0x0000000002b95adc method=org.codehaus.plexus.util.xml.pull.MXParser.nextImpl()I @ 241
Event: 3.202 Thread 0x00000000027c2800 Uncommon trap: reason=unstable_if action=reinterpret pc=0x0000000002b2d9dc method=java.util.HashMap.getNode(ILjava/lang/Object;)Ljava/util/HashMap$Node; @ 129
Event: 3.202 Thread 0x00000000027c2800 Uncommon trap: reason=unstable_if action=reinterpret pc=0x0000000002b26e04 method=java.util.HashMap.getNode(ILjava/lang/Object;)Ljava/util/HashMap$Node; @ 129
Event: 3.224 Thread 0x00000000027c2800 Uncommon trap: reason=range_check action=make_not_entrant pc=0x0000000002bcec68 method=sun.reflect.generics.parser.SignatureParser.current()C @ 34
Event: 3.445 Thread 0x00000000027c2800 Uncommon trap: reason=unstable_if action=reinterpret pc=0x0000000002aa7000 method=sun.misc.MetaIndex.mayContain(Ljava/lang/String;)Z @ 38

Classes redefined (0 events):
No events

Internal exceptions (10 events):
Event: 1.536 Thread 0x00000000027c2800 Exception <a 'java/lang/NullPointerException'> (0x000000076bbcdce0) thrown at [C:\re\workspace\8-2-build-windows-amd64-cygwin\jdk8u202\12323\hotspot\src\share\vm\interpreter\linkResolver.cpp, line 1185]
Event: 1.536 Thread 0x00000000027c2800 Exception <a 'java/lang/NullPointerException'> (0x000000076bbcdee8) thrown at [C:\re\workspace\8-2-build-windows-amd64-cygwin\jdk8u202\12323\hotspot\src\share\vm\interpreter\linkResolver.cpp, line 1185]
Event: 1.536 Thread 0x00000000027c2800 Exception <a 'java/lang/NullPointerException'> (0x000000076bbce0f0) thrown at [C:\re\workspace\8-2-build-windows-amd64-cygwin\jdk8u202\12323\hotspot\src\share\vm\interpreter\linkResolver.cpp, line 1185]
Event: 2.968 Thread 0x00000000027c2800 Exception <a 'java/lang/ArrayIndexOutOfBoundsException'> (0x000000076ca69478) thrown at [C:\re\workspace\8-2-build-windows-amd64-cygwin\jdk8u202\12323\hotspot\src\share\vm\runtime\sharedRuntime.cpp, line 605]
Event: 2.972 Thread 0x00000000027c2800 Exception <a 'java/lang/ArrayIndexOutOfBoundsException'> (0x000000076ca83d90) thrown at [C:\re\workspace\8-2-build-windows-amd64-cygwin\jdk8u202\12323\hotspot\src\share\vm\runtime\sharedRuntime.cpp, line 605]
Event: 2.978 Thread 0x00000000027c2800 Exception <a 'java/lang/ArrayIndexOutOfBoundsException'> (0x000000076cac4610) thrown at [C:\re\workspace\8-2-build-windows-amd64-cygwin\jdk8u202\12323\hotspot\src\share\vm\runtime\sharedRuntime.cpp, line 605]
Event: 2.982 Thread 0x00000000027c2800 Exception <a 'java/lang/NoClassDefFoundError': javax/enterprise/inject/Typed> (0x000000076caeea48) thrown at [C:\re\workspace\8-2-build-windows-amd64-cygwin\jdk8u202\12323\hotspot\src\share\vm\classfile\systemDictionary.cpp, line 199]
Event: 3.144 Thread 0x00000000027c2800 Exception <a 'java/lang/ArrayIndexOutOfBoundsException'> (0x000000076d43e788) thrown at [C:\re\workspace\8-2-build-windows-amd64-cygwin\jdk8u202\12323\hotspot\src\share\vm\runtime\sharedRuntime.cpp, line 605]
Event: 3.145 Thread 0x00000000027c2800 Exception <a 'java/lang/ArrayIndexOutOfBoundsException'> (0x000000076d440318) thrown at [C:\re\workspace\8-2-build-windows-amd64-cygwin\jdk8u202\12323\hotspot\src\share\vm\runtime\sharedRuntime.cpp, line 605]
Event: 3.224 Thread 0x00000000027c2800 Exception <a 'java/lang/ArrayIndexOutOfBoundsException': 66> (0x000000076d754830) thrown at [C:\re\workspace\8-2-build-windows-amd64-cygwin\jdk8u202\12323\hotspot\src\share\vm\interpreter\interpreterRuntime.cpp, line 368]

Events (10 events):
Event: 3.515 loading class org/apache/maven/repository/metadata/MetadataResolutionException
Event: 3.515 loading class org/apache/maven/repository/metadata/MetadataResolutionException done
Event: 3.516 loading class org/apache/maven/repository/metadata/GraphConflictResolutionException
Event: 3.516 loading class org/apache/maven/repository/metadata/GraphConflictResolutionException done
Event: 3.528 loading class org/apache/maven/repository/metadata/MetadataGraphVertex
Event: 3.528 loading class org/apache/maven/repository/metadata/MetadataGraphVertex done
Event: 3.529 loading class org/apache/maven/repository/metadata/MetadataGraph
Event: 3.529 loading class org/apache/maven/repository/metadata/MetadataGraph done
Event: 3.534 loading class org/apache/maven/artifact/ArtifactScopeEnum
Event: 3.534 loading class org/apache/maven/artifact/ArtifactScopeEnum done


Dynamic libraries:
0x00007ff72b680000 - 0x00007ff72b6b7000 	C:\Program Files\Java\jdk1.8.0_202\bin\java.exe
0x00007ffd8b890000 - 0x00007ffd8baa4000 	C:\WINDOWS\SYSTEM32\ntdll.dll
0x00007ffd8b080000 - 0x00007ffd8b142000 	C:\WINDOWS\System32\KERNEL32.DLL
0x00007ffd89010000 - 0x00007ffd893ac000 	C:\WINDOWS\System32\KERNELBASE.dll
0x00007ffd8a1e0000 - 0x00007ffd8a28e000 	C:\WINDOWS\System32\ADVAPI32.dll
0x00007ffd8b340000 - 0x00007ffd8b3e7000 	C:\WINDOWS\System32\msvcrt.dll
0x00007ffd8a010000 - 0x00007ffd8a0b4000 	C:\WINDOWS\System32\sechost.dll
0x00007ffd89ef0000 - 0x00007ffd8a005000 	C:\WINDOWS\System32\RPCRT4.dll
0x00007ffd8b4f0000 - 0x00007ffd8b69a000 	C:\WINDOWS\System32\USER32.dll
0x00007ffd88fe0000 - 0x00007ffd89006000 	C:\WINDOWS\System32\win32u.dll
0x00007ffd8a120000 - 0x00007ffd8a149000 	C:\WINDOWS\System32\GDI32.dll
0x00007ffd89570000 - 0x00007ffd89682000 	C:\WINDOWS\System32\gdi32full.dll
0x00007ffd894d0000 - 0x00007ffd8956a000 	C:\WINDOWS\System32\msvcp_win.dll
0x00007ffd893b0000 - 0x00007ffd894c1000 	C:\WINDOWS\System32\ucrtbase.dll
0x00007ffd72410000 - 0x00007ffd7269e000 	C:\WINDOWS\WinSxS\amd64_microsoft.windows.common-controls_6595b64144ccf1df_6.0.22621.608_none_a9444ca7c10bb01d\COMCTL32.dll
0x00007ffd8b270000 - 0x00007ffd8b2a1000 	C:\WINDOWS\System32\IMM32.DLL
0x00000000698d0000 - 0x00000000699a2000 	C:\Program Files\Java\jdk1.8.0_202\jre\bin\msvcr100.dll
0x00000000684e0000 - 0x0000000068d85000 	C:\Program Files\Java\jdk1.8.0_202\jre\bin\server\jvm.dll
0x00007ffd8b840000 - 0x00007ffd8b848000 	C:\WINDOWS\System32\PSAPI.DLL
0x00007ffd7a3d0000 - 0x00007ffd7a3d9000 	C:\WINDOWS\SYSTEM32\WSOCK32.dll
0x00007ffd8b2b0000 - 0x00007ffd8b321000 	C:\WINDOWS\System32\WS2_32.dll
0x00007ffd77ec0000 - 0x00007ffd77ef4000 	C:\WINDOWS\SYSTEM32\WINMM.dll
0x00007ffd82090000 - 0x00007ffd8209a000 	C:\WINDOWS\SYSTEM32\VERSION.dll
0x00007ffd79e00000 - 0x00007ffd79e0f000 	C:\Program Files\Java\jdk1.8.0_202\jre\bin\verify.dll
0x00007ffd778c0000 - 0x00007ffd778e9000 	C:\Program Files\Java\jdk1.8.0_202\jre\bin\java.dll
0x00007ffd79de0000 - 0x00007ffd79df6000 	C:\Program Files\Java\jdk1.8.0_202\jre\bin\zip.dll
0x00007ffd8a7b0000 - 0x00007ffd8af8d000 	C:\WINDOWS\System32\SHELL32.dll
0x00007ffd86d20000 - 0x00007ffd875d7000 	C:\WINDOWS\SYSTEM32\windows.storage.dll
0x00007ffd896e0000 - 0x00007ffd89a69000 	C:\WINDOWS\System32\combase.dll
0x00007ffd86be0000 - 0x00007ffd86d1d000 	C:\WINDOWS\SYSTEM32\wintypes.dll
0x00007ffd8a3d0000 - 0x00007ffd8a4c1000 	C:\WINDOWS\System32\SHCORE.dll
0x00007ffd8a0c0000 - 0x00007ffd8a11e000 	C:\WINDOWS\System32\shlwapi.dll
0x00007ffd88bf0000 - 0x00007ffd88c11000 	C:\WINDOWS\SYSTEM32\profapi.dll
0x0000000069ac0000 - 0x0000000069ae4000 	C:\Program Files\NetBeans-15\netbeans\java\maven\lib\jansi-native\Windows\x86_64\jansi.dll

VM Arguments:
jvm_args: -Dclassworlds.conf=C:\Program Files\NetBeans-15\netbeans\java\maven\bin\m2.conf -Dmaven.home=C:\Program Files\NetBeans-15\netbeans\java\maven -Dlibrary.jansi.path=C:\Program Files\NetBeans-15\netbeans\java\maven\lib\jansi-native -Dmaven.multiModuleProjectDirectory=D:\Articloke 
java_command: org.codehaus.plexus.classworlds.launcher.Launcher -Dmaven.ext.class.path=C:\Program Files\NetBeans-15\netbeans\java\maven-nblib\netbeans-eventspy.jar -Dfile.encoding=UTF-8 install
java_class_path (initial): C:\Program Files\NetBeans-15\netbeans\java\maven\boot\plexus-classworlds-2.6.0.jar
Launcher Type: SUN_STANDARD

Environment Variables:
JAVA_HOME=C:\Program Files\Java\jdk1.8.0_202
PATH=C:\Program Files\Microsoft\jdk-11.0.12.7-hotspot\bin;C:\Program Files (x86)\Common Files\Oracle\Java\javapath;C:\WINDOWS\system32;C:\WINDOWS;C:\WINDOWS\System32\Wbem;C:\WINDOWS\System32\WindowsPowerShell\v1.0\;C:\WINDOWS\System32\OpenSSH\;C:\Program Files\Microsoft SQL Server\Client SDK\ODBC\170\Tools\Binn\;C:\Program Files (x86)\Microsoft SQL Server\150\Tools\Binn\;C:\Program Files\Microsoft SQL Server\150\Tools\Binn\;C:\Program Files\Microsoft SQL Server\150\DTS\Binn\;C:\Program Files (x86)\Microsoft SQL Server\150\DTS\Binn\;C:\Program Files\Azure Data Studio\bin;C:\Program Files\dotnet\;C:\Program Files\Git\cmd;C:\WINDOWS\system32;C:\WINDOWS;C:\WINDOWS\System32\Wbem;C:\WINDOWS\System32\WindowsPowerShell\v1.0\;C:\WINDOWS\System32\OpenSSH\;C:\Users\tucuo\AppData\Local\Microsoft\WindowsApps;C:\Program Files\Azure Data Studio\bin;C:\Users\tucuo\AppData\Local\GitHubDesktop\bin;C:\Users\tucuo\AppData\Local\Programs\Microsoft VS Code\bin;C:\Users\tucuo\.dotnet\tools;
USERNAME=tucuo
OS=Windows_NT
PROCESSOR_IDENTIFIER=Intel64 Family 6 Model 158 Stepping 13, GenuineIntel



---------------  S Y S T E M  ---------------

OS: Windows 10.0 , 64 bit Build 22621 (10.0.22621.608)

CPU:total 12 (initial active 12) (6 cores per cpu, 2 threads per core) family 6 model 158 stepping 13, cmov, cx8, fxsr, mmx, sse, sse2, sse3, ssse3, sse4.1, sse4.2, popcnt, avx, avx2, aes, clmul, erms, 3dnowpref, lzcnt, ht, tsc, tscinvbit, bmi1, bmi2, adx

Memory: 4k page, physical 16625524k(2159904k free), swap 46969712k(5660k free)

vm_info: Java HotSpot(TM) 64-Bit Server VM (25.202-b08) for windows-amd64 JRE (1.8.0_202-b08), built on Dec 15 2018 19:54:30 by "java_re" with MS VC++ 10.0 (VS2010)

time: Tue Nov 01 15:50:11 2022
timezone: SE Asia Standard Time
elapsed time: 3 seconds (0d 0h 0m 3s)

