#
# There is insufficient memory for the Java Runtime Environment to continue.
# Native memory allocation (malloc) failed to allocate 2082096 bytes for Chunk::new
# Possible reasons:
#   The system is out of physical RAM or swap space
#   The process is running with CompressedOops enabled, and the Java Heap may be blocking the growth of the native heap
# Possible solutions:
#   Reduce memory load on the system
#   Increase physical memory or swap space
#   Check if swap backing store is full
#   Decrease Java heap size (-Xmx/-Xms)
#   Decrease number of Java threads
#   Decrease Java thread stack sizes (-Xss)
#   Set larger code cache with -XX:ReservedCodeCacheSize=
#   JVM is running with Zero Based Compressed Oops mode in which the Java heap is
#     placed in the first 32GB address space. The Java Heap base address is the
#     maximum limit for the native heap growth. Please use -XX:HeapBaseMinAddress
#     to set the Java Heap base and to place the Java Heap above 32GB virtual address.
# This output file may be truncated or incomplete.
#
#  Out of Memory Error (allocation.cpp:389), pid=20420, tid=0x000000000000756c
#
# JRE version: Java(TM) SE Runtime Environment (8.0_202-b08) (build 1.8.0_202-b08)
# Java VM: Java HotSpot(TM) 64-Bit Server VM (25.202-b08 mixed mode windows-amd64 compressed oops)
# Failed to write core dump. Minidumps are not enabled by default on client versions of Windows
#

---------------  T H R E A D  ---------------

Current thread (0x000000001dcae000):  JavaThread "C2 CompilerThread0" daemon [_thread_in_native, id=30060, stack(0x000000001f310000,0x000000001f410000)]

Stack: [0x000000001f310000,0x000000001f410000]
[error occurred during error reporting (printing stack bounds), id 0xc0000005]

Native frames: (J=compiled Java code, j=interpreted, Vv=VM code, C=native code)


Current CompileTask:
C2:  14046 1549       4       java.net.URLClassLoader$1::run (5 bytes)


---------------  P R O C E S S  ---------------

Java Threads: ( => current thread )
  0x000000001dd2a800 JavaThread "Service Thread" daemon [_thread_blocked, id=8372, stack(0x000000001f710000,0x000000001f810000)]
  0x000000001dcba800 JavaThread "C1 CompilerThread3" daemon [_thread_blocked, id=8076, stack(0x000000001f610000,0x000000001f710000)]
  0x000000001dcba000 JavaThread "C2 CompilerThread2" daemon [_thread_blocked, id=4772, stack(0x000000001f510000,0x000000001f610000)]
  0x000000001dcb5000 JavaThread "C2 CompilerThread1" daemon [_thread_blocked, id=13272, stack(0x000000001f410000,0x000000001f510000)]
=>0x000000001dcae000 JavaThread "C2 CompilerThread0" daemon [_thread_in_native, id=30060, stack(0x000000001f310000,0x000000001f410000)]
  0x000000001dcab800 JavaThread "Attach Listener" daemon [_thread_blocked, id=22252, stack(0x000000001f210000,0x000000001f310000)]
  0x000000001dca9000 JavaThread "Signal Dispatcher" daemon [_thread_blocked, id=26584, stack(0x000000001f110000,0x000000001f210000)]
  0x0000000002a1b800 JavaThread "Finalizer" daemon [_thread_blocked, id=17472, stack(0x000000001ef10000,0x000000001f010000)]
  0x000000001dca3000 JavaThread "Reference Handler" daemon [_thread_blocked, id=7388, stack(0x000000001ee10000,0x000000001ef10000)]
  0x0000000002922800 JavaThread "main" [_thread_in_vm, id=23452, stack(0x0000000002820000,0x0000000002920000)]

Other Threads:
  0x000000001c5d6800 VMThread [stack: 0x000000001ed10000,0x000000001ee10000] [id=20124]
  0x000000001dd30000 WatcherThread [stack: 0x000000001f810000,0x000000001f910000] [id=30544]

VM state:not at safepoint (normal execution)

VM Mutex/Monitor currently owned by a thread: None

heap address: 0x00000006c2400000, size: 4060 MB, Compressed Oops mode: Zero based, Oop shift amount: 3
Narrow klass base: 0x0000000000000000, Narrow klass shift: 3
Compressed class space size: 1073741824 Address: 0x00000007c0000000

Heap:
 PSYoungGen      total 75776K, used 30289K [0x000000076b700000, 0x0000000774b00000, 0x00000007c0000000)
  eden space 65024K, 30% used [0x000000076b700000,0x000000076ca7d680,0x000000076f680000)
  from space 10752K, 96% used [0x000000076f680000,0x0000000770096fd0,0x0000000770100000)
  to   space 10752K, 0% used [0x0000000774080000,0x0000000774080000,0x0000000774b00000)
 ParOldGen       total 173568K, used 0K [0x00000006c2400000, 0x00000006ccd80000, 0x000000076b700000)
  object space 173568K, 0% used [0x00000006c2400000,0x00000006c2400000,0x00000006ccd80000)
 Metaspace       used 13999K, capacity 14276K, committed 14464K, reserved 1062912K
  class space    used 1742K, capacity 1844K, committed 1920K, reserved 1048576K

Card table byte_map: [0x0000000011de0000,0x00000000125d0000] byte_map_base: 0x000000000e7ce000

Marking Bits: (ParMarkBitMap*) 0x0000000068d05ce0
 Begin Bits: [0x0000000013520000, 0x0000000017490000)
 End Bits:   [0x0000000017490000, 0x000000001b400000)

Polling page: 0x0000000000ae0000

CodeCache: size=245760Kb used=5599Kb max_used=5622Kb free=240160Kb
 bounds [0x0000000002a20000, 0x0000000002fb0000, 0x0000000011a20000]
 total_blobs=1908 nmethods=1577 adapters=243
 compilation: enabled

Compilation events (10 events):
Event: 13.921 Thread 0x000000001dcb5000 nmethod 1573 0x0000000002f8d1d0 code [0x0000000002f8d360, 0x0000000002f8d7f8]
Event: 13.927 Thread 0x000000001dcba800 1575       3       java.util.HashSet::<init> (16 bytes)
Event: 13.927 Thread 0x000000001dcba800 nmethod 1575 0x0000000002f8ca50 code [0x0000000002f8cbe0, 0x0000000002f8cff0]
Event: 13.929 Thread 0x000000001dcba800 1576       3       java.util.ArrayList::remove (69 bytes)
Event: 13.929 Thread 0x000000001dcba800 nmethod 1576 0x0000000002f8bf10 code [0x0000000002f8c0c0, 0x0000000002f8c748]
Event: 13.930 Thread 0x000000001dcba800 1577       3       org.apache.maven.model.io.xpp3.MavenXpp3ReaderEx::checkFieldWithDuplicate (75 bytes)
Event: 13.930 Thread 0x000000001dcba800 nmethod 1577 0x0000000002f8fb90 code [0x0000000002f8fdc0, 0x0000000002f907a8]
Event: 13.932 Thread 0x000000001dcba800 1578       1       sun.misc.URLClassPath$JarLoader$2::getURL (5 bytes)
Event: 13.932 Thread 0x000000001dcba800 nmethod 1578 0x0000000002f82250 code [0x0000000002f823a0, 0x0000000002f824b0]
Event: 13.972 Thread 0x000000001dcba000 nmethod 1572 0x0000000002f9df90 code [0x0000000002f9e2e0, 0x0000000002fa1240]

GC Heap History (2 events):
Event: 11.575 GC heap before
{Heap before GC invocations=1 (full 0):
 PSYoungGen      total 75776K, used 65024K [0x000000076b700000, 0x0000000770b80000, 0x00000007c0000000)
  eden space 65024K, 100% used [0x000000076b700000,0x000000076f680000,0x000000076f680000)
  from space 10752K, 0% used [0x0000000770100000,0x0000000770100000,0x0000000770b80000)
  to   space 10752K, 0% used [0x000000076f680000,0x000000076f680000,0x0000000770100000)
 ParOldGen       total 173568K, used 0K [0x00000006c2400000, 0x00000006ccd80000, 0x000000076b700000)
  object space 173568K, 0% used [0x00000006c2400000,0x00000006c2400000,0x00000006ccd80000)
 Metaspace       used 11453K, capacity 11644K, committed 11776K, reserved 1058816K
  class space    used 1422K, capacity 1511K, committed 1536K, reserved 1048576K
Event: 11.825 GC heap after
Heap after GC invocations=1 (full 0):
 PSYoungGen      total 75776K, used 10331K [0x000000076b700000, 0x0000000774b00000, 0x00000007c0000000)
  eden space 65024K, 0% used [0x000000076b700000,0x000000076b700000,0x000000076f680000)
  from space 10752K, 96% used [0x000000076f680000,0x0000000770096fd0,0x0000000770100000)
  to   space 10752K, 0% used [0x0000000774080000,0x0000000774080000,0x0000000774b00000)
 ParOldGen       total 173568K, used 0K [0x00000006c2400000, 0x00000006ccd80000, 0x000000076b700000)
  object space 173568K, 0% used [0x00000006c2400000,0x00000006c2400000,0x00000006ccd80000)
 Metaspace       used 11453K, capacity 11644K, committed 11776K, reserved 1058816K
  class space    used 1422K, capacity 1511K, committed 1536K, reserved 1048576K
}

Deoptimization events (10 events):
Event: 7.824 Thread 0x0000000002922800 Uncommon trap: reason=unstable_if action=reinterpret pc=0x0000000002c88c84 method=java.util.HashMap.getNode(ILjava/lang/Object;)Ljava/util/HashMap$Node; @ 129
Event: 7.841 Thread 0x0000000002922800 Uncommon trap: reason=range_check action=make_not_entrant pc=0x0000000002d3f5a8 method=sun.reflect.generics.parser.SignatureParser.current()C @ 34
Event: 8.582 Thread 0x0000000002922800 Uncommon trap: reason=unstable_if action=reinterpret pc=0x0000000002ced4c4 method=sun.nio.cs.UTF_8$Decoder.decode([BII[C)I @ 30
Event: 9.271 Thread 0x0000000002922800 Uncommon trap: reason=unstable_if action=reinterpret pc=0x0000000002c16c80 method=sun.misc.MetaIndex.mayContain(Ljava/lang/String;)Z @ 38
Event: 12.632 Thread 0x0000000002922800 Uncommon trap: reason=predicate action=maybe_recompile pc=0x0000000002c700e0 method=sun.net.www.ParseUtil.encodePath(Ljava/lang/String;Z)Ljava/lang/String; @ 36
Event: 13.272 Thread 0x0000000002922800 Uncommon trap: reason=unstable_if action=reinterpret pc=0x0000000002f50458 method=org.eclipse.sisu.inject.InjectorBindings.isAssignableFrom(Lcom/google/inject/TypeLiteral;Lcom/google/inject/Binding;)Z @ 14
Event: 13.288 Thread 0x0000000002922800 Uncommon trap: reason=unstable_if action=reinterpret pc=0x0000000002cd7d24 method=sun.nio.cs.StreamDecoder.implRead([CII)I @ 36
Event: 13.289 Thread 0x0000000002922800 Uncommon trap: reason=unstable_if action=reinterpret pc=0x0000000002cf124c method=sun.nio.cs.StreamDecoder.implRead([CII)I @ 36
Event: 13.412 Thread 0x0000000002922800 Uncommon trap: reason=unstable_if action=reinterpret pc=0x0000000002cd2c28 method=sun.nio.cs.StreamDecoder.implRead([CII)I @ 36
Event: 13.701 Thread 0x0000000002922800 Uncommon trap: reason=null_check action=make_not_entrant pc=0x0000000002f94d30 method=java.net.URL.getURLStreamHandler(Ljava/lang/String;)Ljava/net/URLStreamHandler; @ 7

Classes redefined (0 events):
No events

Internal exceptions (10 events):
Event: 7.841 Thread 0x0000000002922800 Exception <a 'java/lang/ArrayIndexOutOfBoundsException': 66> (0x000000076d62c7e0) thrown at [C:\re\workspace\8-2-build-windows-amd64-cygwin\jdk8u202\12323\hotspot\src\share\vm\interpreter\interpreterRuntime.cpp, line 368]
Event: 12.631 Thread 0x0000000002922800 Exception <a 'java/lang/NoClassDefFoundError': com/google/inject/servlet/ServletModuleTargetVisitor> (0x000000076c0fcd30) thrown at [C:\re\workspace\8-2-build-windows-amd64-cygwin\jdk8u202\12323\hotspot\src\share\vm\classfile\systemDictionary.cpp, line 19
Event: 12.632 Thread 0x0000000002922800 Exception <a 'java/lang/NoClassDefFoundError'> (0x000000076c0fcd30) thrown at [C:\re\workspace\8-2-build-windows-amd64-cygwin\jdk8u202\12323\hotspot\src\share\vm\prims\jvm.cpp, line 1506]
Event: 13.479 Thread 0x0000000002922800 Exception <a 'java/lang/NullPointerException'> (0x000000076c806548) thrown at [C:\re\workspace\8-2-build-windows-amd64-cygwin\jdk8u202\12323\hotspot\src\share\vm\interpreter\linkResolver.cpp, line 1185]
Event: 13.479 Thread 0x0000000002922800 Exception <a 'java/lang/NullPointerException'> (0x000000076c806750) thrown at [C:\re\workspace\8-2-build-windows-amd64-cygwin\jdk8u202\12323\hotspot\src\share\vm\interpreter\linkResolver.cpp, line 1185]
Event: 13.479 Thread 0x0000000002922800 Exception <a 'java/lang/NullPointerException'> (0x000000076c806958) thrown at [C:\re\workspace\8-2-build-windows-amd64-cygwin\jdk8u202\12323\hotspot\src\share\vm\interpreter\linkResolver.cpp, line 1185]
Event: 13.479 Thread 0x0000000002922800 Exception <a 'java/lang/NullPointerException'> (0x000000076c80e250) thrown at [C:\re\workspace\8-2-build-windows-amd64-cygwin\jdk8u202\12323\hotspot\src\share\vm\interpreter\linkResolver.cpp, line 1185]
Event: 13.479 Thread 0x0000000002922800 Exception <a 'java/lang/NullPointerException'> (0x000000076c80e458) thrown at [C:\re\workspace\8-2-build-windows-amd64-cygwin\jdk8u202\12323\hotspot\src\share\vm\interpreter\linkResolver.cpp, line 1185]
Event: 13.479 Thread 0x0000000002922800 Exception <a 'java/lang/NullPointerException'> (0x000000076c80e660) thrown at [C:\re\workspace\8-2-build-windows-amd64-cygwin\jdk8u202\12323\hotspot\src\share\vm\interpreter\linkResolver.cpp, line 1185]
Event: 13.701 Thread 0x0000000002922800 Implicit null exception at 0x0000000002f92ca7 to 0x0000000002f94d25

Events (10 events):
Event: 13.922 loading class org/apache/maven/model/io/xpp3/MavenXpp3ReaderEx$ContentTransformer
Event: 13.922 loading class org/apache/maven/model/io/xpp3/MavenXpp3ReaderEx$ContentTransformer done
Event: 13.922 loading class org/codehaus/plexus/util/xml/Xpp3DomBuilder$InputLocationBuilder
Event: 13.922 loading class org/codehaus/plexus/util/xml/Xpp3DomBuilder$InputLocationBuilder done
Event: 13.926 loading class org/apache/maven/model/io/xpp3/MavenXpp3ReaderEx$1
Event: 13.926 loading class org/apache/maven/model/io/xpp3/MavenXpp3ReaderEx$1 done
Event: 13.928 loading class org/apache/maven/model/io/xpp3/MavenXpp3ReaderEx$Xpp3DomBuilderInputLocationBuilder
Event: 13.928 loading class org/apache/maven/model/io/xpp3/MavenXpp3ReaderEx$Xpp3DomBuilderInputLocationBuilder done
Event: 13.930 loading class org/apache/maven/model/building/ModelProblemUtils
Event: 13.930 loading class org/apache/maven/model/building/ModelProblemUtils done


Dynamic libraries:
0x00007ff72b680000 - 0x00007ff72b6b7000 	C:\Program Files\Java\jdk1.8.0_202\bin\java.exe
0x00007ffd8b890000 - 0x00007ffd8baa4000 	C:\WINDOWS\SYSTEM32\ntdll.dll
0x00007ffd8b080000 - 0x00007ffd8b142000 	C:\WINDOWS\System32\KERNEL32.DLL
0x00007ffd89010000 - 0x00007ffd893ac000 	C:\WINDOWS\System32\KERNELBASE.dll
0x00007ffd8a1e0000 - 0x00007ffd8a28e000 	C:\WINDOWS\System32\ADVAPI32.dll
0x00007ffd8b340000 - 0x00007ffd8b3e7000 	C:\WINDOWS\System32\msvcrt.dll
0x00007ffd8a010000 - 0x00007ffd8a0b4000 	C:\WINDOWS\System32\sechost.dll
0x00007ffd89ef0000 - 0x00007ffd8a005000 	C:\WINDOWS\System32\RPCRT4.dll
0x00007ffd8b4f0000 - 0x00007ffd8b69a000 	C:\WINDOWS\System32\USER32.dll
0x00007ffd88fe0000 - 0x00007ffd89006000 	C:\WINDOWS\System32\win32u.dll
0x00007ffd8a120000 - 0x00007ffd8a149000 	C:\WINDOWS\System32\GDI32.dll
0x00007ffd89570000 - 0x00007ffd89682000 	C:\WINDOWS\System32\gdi32full.dll
0x00007ffd894d0000 - 0x00007ffd8956a000 	C:\WINDOWS\System32\msvcp_win.dll
0x00007ffd893b0000 - 0x00007ffd894c1000 	C:\WINDOWS\System32\ucrtbase.dll
0x00007ffd72410000 - 0x00007ffd7269e000 	C:\WINDOWS\WinSxS\amd64_microsoft.windows.common-controls_6595b64144ccf1df_6.0.22621.608_none_a9444ca7c10bb01d\COMCTL32.dll
0x00007ffd8b270000 - 0x00007ffd8b2a1000 	C:\WINDOWS\System32\IMM32.DLL
0x00000000698d0000 - 0x00000000699a2000 	C:\Program Files\Java\jdk1.8.0_202\jre\bin\msvcr100.dll
0x00000000684e0000 - 0x0000000068d85000 	C:\Program Files\Java\jdk1.8.0_202\jre\bin\server\jvm.dll
0x00007ffd8b840000 - 0x00007ffd8b848000 	C:\WINDOWS\System32\PSAPI.DLL
0x00007ffd7a3d0000 - 0x00007ffd7a3d9000 	C:\WINDOWS\SYSTEM32\WSOCK32.dll
0x00007ffd8b2b0000 - 0x00007ffd8b321000 	C:\WINDOWS\System32\WS2_32.dll
0x00007ffd77ec0000 - 0x00007ffd77ef4000 	C:\WINDOWS\SYSTEM32\WINMM.dll
0x00007ffd82090000 - 0x00007ffd8209a000 	C:\WINDOWS\SYSTEM32\VERSION.dll
0x00007ffd79e00000 - 0x00007ffd79e0f000 	C:\Program Files\Java\jdk1.8.0_202\jre\bin\verify.dll
0x00007ffd778c0000 - 0x00007ffd778e9000 	C:\Program Files\Java\jdk1.8.0_202\jre\bin\java.dll
0x00007ffd79de0000 - 0x00007ffd79df6000 	C:\Program Files\Java\jdk1.8.0_202\jre\bin\zip.dll
0x00007ffd8a7b0000 - 0x00007ffd8af8d000 	C:\WINDOWS\System32\SHELL32.dll
0x00007ffd86d20000 - 0x00007ffd875d7000 	C:\WINDOWS\SYSTEM32\windows.storage.dll
0x00007ffd896e0000 - 0x00007ffd89a69000 	C:\WINDOWS\System32\combase.dll
0x00007ffd86be0000 - 0x00007ffd86d1d000 	C:\WINDOWS\SYSTEM32\wintypes.dll
0x00007ffd8a3d0000 - 0x00007ffd8a4c1000 	C:\WINDOWS\System32\SHCORE.dll
0x00007ffd8a0c0000 - 0x00007ffd8a11e000 	C:\WINDOWS\System32\shlwapi.dll
0x00007ffd88bf0000 - 0x00007ffd88c11000 	C:\WINDOWS\SYSTEM32\profapi.dll
0x0000000069ac0000 - 0x0000000069ae4000 	C:\Program Files\NetBeans-15\netbeans\java\maven\lib\jansi-native\Windows\x86_64\jansi.dll

VM Arguments:
jvm_args: -Dclassworlds.conf=C:\Program Files\NetBeans-15\netbeans\java\maven\bin\m2.conf -Dmaven.home=C:\Program Files\NetBeans-15\netbeans\java\maven -Dlibrary.jansi.path=C:\Program Files\NetBeans-15\netbeans\java\maven\lib\jansi-native -Dmaven.multiModuleProjectDirectory=D:\Articloke 
java_command: org.codehaus.plexus.classworlds.launcher.Launcher -Dmaven.ext.class.path=C:\Program Files\NetBeans-15\netbeans\java\maven-nblib\netbeans-eventspy.jar -Dfile.encoding=UTF-8 install
java_class_path (initial): C:\Program Files\NetBeans-15\netbeans\java\maven\boot\plexus-classworlds-2.6.0.jar
Launcher Type: SUN_STANDARD

Environment Variables:
JAVA_HOME=C:\Program Files\Java\jdk1.8.0_202
PATH=C:\Program Files\Microsoft\jdk-11.0.12.7-hotspot\bin;C:\Program Files (x86)\Common Files\Oracle\Java\javapath;C:\WINDOWS\system32;C:\WINDOWS;C:\WINDOWS\System32\Wbem;C:\WINDOWS\System32\WindowsPowerShell\v1.0\;C:\WINDOWS\System32\OpenSSH\;C:\Program Files\Microsoft SQL Server\Client SDK\ODBC\170\Tools\Binn\;C:\Program Files (x86)\Microsoft SQL Server\150\Tools\Binn\;C:\Program Files\Microsoft SQL Server\150\Tools\Binn\;C:\Program Files\Microsoft SQL Server\150\DTS\Binn\;C:\Program Files (x86)\Microsoft SQL Server\150\DTS\Binn\;C:\Program Files\Azure Data Studio\bin;C:\Program Files\dotnet\;C:\Program Files\Git\cmd;C:\WINDOWS\system32;C:\WINDOWS;C:\WINDOWS\System32\Wbem;C:\WINDOWS\System32\WindowsPowerShell\v1.0\;C:\WINDOWS\System32\OpenSSH\;C:\Users\tucuo\AppData\Local\Microsoft\WindowsApps;C:\Program Files\Azure Data Studio\bin;C:\Users\tucuo\AppData\Local\GitHubDesktop\bin;C:\Users\tucuo\AppData\Local\Programs\Microsoft VS Code\bin;C:\Users\tucuo\.dotnet\tools;
USERNAME=tucuo
OS=Windows_NT
PROCESSOR_IDENTIFIER=Intel64 Family 6 Model 158 Stepping 13, GenuineIntel



---------------  S Y S T E M  ---------------

OS: Windows 10.0 , 64 bit Build 22621 (10.0.22621.608)

CPU:total 12 (initial active 12) (6 cores per cpu, 2 threads per core) family 6 model 158 stepping 13, cmov, cx8, fxsr, mmx, sse, sse2, sse3, ssse3, sse4.1, sse4.2, popcnt, avx, avx2, aes, clmul, erms, 3dnowpref, lzcnt, ht, tsc, tscinvbit, bmi1, bmi2, adx

Memory: 4k page, physical 16625524k(512936k free), swap 46969712k(5332k free)

vm_info: Java HotSpot(TM) 64-Bit Server VM (25.202-b08) for windows-amd64 JRE (1.8.0_202-b08), built on Dec 15 2018 19:54:30 by "java_re" with MS VC++ 10.0 (VS2010)

time: Tue Nov 01 15:50:22 2022
timezone: SE Asia Standard Time
elapsed time: 14 seconds (0d 0h 0m 14s)

