#
# There is insufficient memory for the Java Runtime Environment to continue.
# Native memory allocation (malloc) failed to allocate 32744 bytes for ChunkPool::allocate
# Possible reasons:
#   The system is out of physical RAM or swap space
#   The process is running with CompressedOops enabled, and the Java Heap may be blocking the growth of the native heap
# Possible solutions:
#   Reduce memory load on the system
#   Increase physical memory or swap space
#   Check if swap backing store is full
#   Decrease Java heap size (-Xmx/-Xms)
#   Decrease number of Java threads
#   Decrease Java thread stack sizes (-Xss)
#   Set larger code cache with -XX:ReservedCodeCacheSize=
#   JVM is running with Zero Based Compressed Oops mode in which the Java heap is
#     placed in the first 32GB address space. The Java Heap base address is the
#     maximum limit for the native heap growth. Please use -XX:HeapBaseMinAddress
#     to set the Java Heap base and to place the Java Heap above 32GB virtual address.
# This output file may be truncated or incomplete.
#
#  Out of Memory Error (allocation.cpp:272), pid=15532, tid=0x0000000000004c84
#
# JRE version: Java(TM) SE Runtime Environment (8.0_202-b08) (build 1.8.0_202-b08)
# Java VM: Java HotSpot(TM) 64-Bit Server VM (25.202-b08 mixed mode windows-amd64 compressed oops)
# Failed to write core dump. Minidumps are not enabled by default on client versions of Windows
#

---------------  T H R E A D  ---------------

Current thread (0x000000001d84e000):  JavaThread "C2 CompilerThread1" daemon [_thread_in_native, id=19588, stack(0x000000001ef50000,0x000000001f050000)]

Stack: [0x000000001ef50000,0x000000001f050000]
[error occurred during error reporting (printing stack bounds), id 0xc0000005]

Native frames: (J=compiled Java code, j=interpreted, Vv=VM code, C=native code)


Current CompileTask:
C2:  79184 2637       4       java.util.HashMap::get (23 bytes)


---------------  P R O C E S S  ---------------

Java Threads: ( => current thread )
  0x000000001d856800 JavaThread "Service Thread" daemon [_thread_blocked, id=14740, stack(0x000000001f250000,0x000000001f350000)]
  0x000000001d851800 JavaThread "C1 CompilerThread3" daemon [_thread_in_vm, id=17732, stack(0x000000001f150000,0x000000001f250000)]
  0x000000001d850800 JavaThread "C2 CompilerThread2" daemon [_thread_blocked, id=6784, stack(0x000000001f050000,0x000000001f150000)]
=>0x000000001d84e000 JavaThread "C2 CompilerThread1" daemon [_thread_in_native, id=19588, stack(0x000000001ef50000,0x000000001f050000)]
  0x000000001d7ee000 JavaThread "C2 CompilerThread0" daemon [_thread_in_native, id=21344, stack(0x000000001ee50000,0x000000001ef50000)]
  0x000000001d7eb800 JavaThread "Attach Listener" daemon [_thread_blocked, id=30708, stack(0x000000001ed50000,0x000000001ee50000)]
  0x000000001d7e9000 JavaThread "Signal Dispatcher" daemon [_thread_blocked, id=13448, stack(0x000000001ec50000,0x000000001ed50000)]
  0x000000001c10d800 JavaThread "Finalizer" daemon [_thread_blocked, id=9236, stack(0x000000001ea40000,0x000000001eb40000)]
  0x000000001d7e3000 JavaThread "Reference Handler" daemon [_thread_blocked, id=11128, stack(0x000000001e940000,0x000000001ea40000)]
  0x0000000002402800 JavaThread "main" [_thread_in_Java, id=27268, stack(0x0000000002300000,0x0000000002400000)]

Other Threads:
  0x000000001c106800 VMThread [stack: 0x000000001e840000,0x000000001e940000] [id=25880]
  0x000000001d864800 WatcherThread [stack: 0x000000001f350000,0x000000001f450000] [id=28532]

VM state:not at safepoint (normal execution)

VM Mutex/Monitor currently owned by a thread: None

heap address: 0x00000006c2400000, size: 4060 MB, Compressed Oops mode: Zero based, Oop shift amount: 3
Narrow klass base: 0x0000000000000000, Narrow klass shift: 3
Compressed class space size: 1073741824 Address: 0x00000007c0000000

Heap:
 PSYoungGen      total 140800K, used 36866K [0x000000076b700000, 0x0000000774b00000, 0x00000007c0000000)
  eden space 130048K, 20% used [0x000000076b700000,0x000000076d0fac38,0x0000000773600000)
  from space 10752K, 95% used [0x0000000774080000,0x0000000774a85e18,0x0000000774b00000)
  to   space 10752K, 0% used [0x0000000773600000,0x0000000773600000,0x0000000774080000)
 ParOldGen       total 173568K, used 24K [0x00000006c2400000, 0x00000006ccd80000, 0x000000076b700000)
  object space 173568K, 0% used [0x00000006c2400000,0x00000006c2406000,0x00000006ccd80000)
 Metaspace       used 15828K, capacity 16136K, committed 16384K, reserved 1062912K
  class space    used 1881K, capacity 1985K, committed 2048K, reserved 1048576K

Card table byte_map: [0x00000000118c0000,0x00000000120b0000] byte_map_base: 0x000000000e2ae000

Marking Bits: (ParMarkBitMap*) 0x0000000068d05ce0
 Begin Bits: [0x0000000013000000, 0x0000000016f70000)
 End Bits:   [0x0000000016f70000, 0x000000001aee0000)

Polling page: 0x0000000000920000

CodeCache: size=245760Kb used=8604Kb max_used=8621Kb free=237155Kb
 bounds [0x0000000002500000, 0x0000000002da0000, 0x0000000011500000]
 total_blobs=2846 nmethods=2502 adapters=256
 compilation: enabled

Compilation events (10 events):
Event: 79.180 Thread 0x000000001d850800 nmethod 2630 0x0000000002616450 code [0x0000000002616580, 0x0000000002616658]
Event: 79.181 Thread 0x000000001d851800 nmethod 2628 0x000000000280f710 code [0x000000000280f8a0, 0x000000000280fc58]
Event: 79.181 Thread 0x000000001d851800 2633       3       java.util.RegularEnumSet::contains (57 bytes)
Event: 79.182 Thread 0x000000001d851800 nmethod 2633 0x0000000002856750 code [0x00000000028568e0, 0x0000000002856e88]
Event: 79.182 Thread 0x000000001d851800 2636       3       org.apache.maven.model.inheritance.DefaultInheritanceAssembler$InheritanceModelMerger::putAll (74 bytes)
Event: 79.182 Thread 0x000000001d851800 nmethod 2636 0x00000000028557d0 code [0x00000000028559e0, 0x00000000028563e8]
Event: 79.183 Thread 0x000000001d851800 2634       3       org.apache.maven.model.building.DefaultModelBuilder::configureResolver (9 bytes)
Event: 79.183 Thread 0x000000001d84e000 2637       4       java.util.HashMap::get (23 bytes)
Event: 79.183 Thread 0x000000001d851800 nmethod 2634 0x000000000280f350 code [0x000000000280f4c0, 0x000000000280f648]
Event: 79.183 Thread 0x000000001d851800 2635       3       org.apache.maven.model.building.DefaultModelBuilder::readParent (284 bytes)

GC Heap History (4 events):
Event: 26.673 GC heap before
{Heap before GC invocations=1 (full 0):
 PSYoungGen      total 75776K, used 65024K [0x000000076b700000, 0x0000000770b80000, 0x00000007c0000000)
  eden space 65024K, 100% used [0x000000076b700000,0x000000076f680000,0x000000076f680000)
  from space 10752K, 0% used [0x0000000770100000,0x0000000770100000,0x0000000770b80000)
  to   space 10752K, 0% used [0x000000076f680000,0x000000076f680000,0x0000000770100000)
 ParOldGen       total 173568K, used 0K [0x00000006c2400000, 0x00000006ccd80000, 0x000000076b700000)
  object space 173568K, 0% used [0x00000006c2400000,0x00000006c2400000,0x00000006ccd80000)
 Metaspace       used 11285K, capacity 11484K, committed 11776K, reserved 1058816K
  class space    used 1395K, capacity 1479K, committed 1536K, reserved 1048576K
Event: 27.163 GC heap after
Heap after GC invocations=1 (full 0):
 PSYoungGen      total 75776K, used 10150K [0x000000076b700000, 0x0000000774b00000, 0x00000007c0000000)
  eden space 65024K, 0% used [0x000000076b700000,0x000000076b700000,0x000000076f680000)
  from space 10752K, 94% used [0x000000076f680000,0x0000000770069978,0x0000000770100000)
  to   space 10752K, 0% used [0x0000000774080000,0x0000000774080000,0x0000000774b00000)
 ParOldGen       total 173568K, used 8K [0x00000006c2400000, 0x00000006ccd80000, 0x000000076b700000)
  object space 173568K, 0% used [0x00000006c2400000,0x00000006c2402000,0x00000006ccd80000)
 Metaspace       used 11285K, capacity 11484K, committed 11776K, reserved 1058816K
  class space    used 1395K, capacity 1479K, committed 1536K, reserved 1048576K
}
Event: 73.978 GC heap before
{Heap before GC invocations=2 (full 0):
 PSYoungGen      total 75776K, used 75174K [0x000000076b700000, 0x0000000774b00000, 0x00000007c0000000)
  eden space 65024K, 100% used [0x000000076b700000,0x000000076f680000,0x000000076f680000)
  from space 10752K, 94% used [0x000000076f680000,0x0000000770069978,0x0000000770100000)
  to   space 10752K, 0% used [0x0000000774080000,0x0000000774080000,0x0000000774b00000)
 ParOldGen       total 173568K, used 8K [0x00000006c2400000, 0x00000006ccd80000, 0x000000076b700000)
  object space 173568K, 0% used [0x00000006c2400000,0x00000006c2402000,0x00000006ccd80000)
 Metaspace       used 15434K, capacity 15690K, committed 15872K, reserved 1062912K
  class space    used 1854K, capacity 1948K, committed 2048K, reserved 1048576K
Event: 74.714 GC heap after
Heap after GC invocations=2 (full 0):
 PSYoungGen      total 140800K, used 10263K [0x000000076b700000, 0x0000000774b00000, 0x00000007c0000000)
  eden space 130048K, 0% used [0x000000076b700000,0x000000076b700000,0x0000000773600000)
  from space 10752K, 95% used [0x0000000774080000,0x0000000774a85e18,0x0000000774b00000)
  to   space 10752K, 0% used [0x0000000773600000,0x0000000773600000,0x0000000774080000)
 ParOldGen       total 173568K, used 24K [0x00000006c2400000, 0x00000006ccd80000, 0x000000076b700000)
  object space 173568K, 0% used [0x00000006c2400000,0x00000006c2406000,0x00000006ccd80000)
 Metaspace       used 15434K, capacity 15690K, committed 15872K, reserved 1062912K
  class space    used 1854K, capacity 1948K, committed 2048K, reserved 1048576K
}

Deoptimization events (10 events):
Event: 70.194 Thread 0x0000000002402800 Uncommon trap: reason=class_check action=maybe_recompile pc=0x0000000002abe024 method=java.util.regex.Pattern$7.isSatisfiedBy(I)Z @ 16
Event: 70.194 Thread 0x0000000002402800 Uncommon trap: reason=class_check action=maybe_recompile pc=0x0000000002abe024 method=java.util.regex.Pattern$7.isSatisfiedBy(I)Z @ 16
Event: 70.194 Thread 0x0000000002402800 Uncommon trap: reason=class_check action=maybe_recompile pc=0x0000000002abe024 method=java.util.regex.Pattern$7.isSatisfiedBy(I)Z @ 16
Event: 70.194 Thread 0x0000000002402800 Uncommon trap: reason=class_check action=maybe_recompile pc=0x0000000002abe024 method=java.util.regex.Pattern$7.isSatisfiedBy(I)Z @ 16
Event: 71.501 Thread 0x0000000002402800 Uncommon trap: reason=unstable_if action=reinterpret pc=0x000000000288e1d8 method=java.lang.String.regionMatches(ZILjava/lang/String;II)Z @ 25
Event: 73.068 Thread 0x0000000002402800 Uncommon trap: reason=unstable_if action=reinterpret pc=0x0000000002b10738 method=org.codehaus.plexus.util.xml.pull.MXParser.nextImpl()I @ 280
Event: 73.168 Thread 0x0000000002402800 Uncommon trap: reason=unstable_if action=reinterpret pc=0x0000000002ac27bc method=org.codehaus.plexus.util.xml.pull.MXParser.parseStartTag()I @ 100
Event: 76.565 Thread 0x0000000002402800 Uncommon trap: reason=unstable_if action=reinterpret pc=0x00000000028c07a8 method=java.util.HashMap.hash(Ljava/lang/Object;)I @ 1
Event: 76.618 Thread 0x0000000002402800 Uncommon trap: reason=unstable_if action=reinterpret pc=0x00000000027a8fa8 method=java.util.HashMap.hash(Ljava/lang/Object;)I @ 1
Event: 76.635 Thread 0x0000000002402800 Uncommon trap: reason=unstable_if action=reinterpret pc=0x000000000288ca10 method=java.util.HashMap.getNode(ILjava/lang/Object;)Ljava/util/HashMap$Node; @ 53

Classes redefined (0 events):
No events

Internal exceptions (10 events):
Event: 28.131 Thread 0x0000000002402800 Exception <a 'java/lang/NoClassDefFoundError'> (0x000000076c224ce0) thrown at [C:\re\workspace\8-2-build-windows-amd64-cygwin\jdk8u202\12323\hotspot\src\share\vm\prims\jvm.cpp, line 1506]
Event: 28.959 Thread 0x0000000002402800 Exception <a 'java/lang/NullPointerException'> (0x000000076c92db60) thrown at [C:\re\workspace\8-2-build-windows-amd64-cygwin\jdk8u202\12323\hotspot\src\share\vm\interpreter\linkResolver.cpp, line 1185]
Event: 28.959 Thread 0x0000000002402800 Exception <a 'java/lang/NullPointerException'> (0x000000076c92dd68) thrown at [C:\re\workspace\8-2-build-windows-amd64-cygwin\jdk8u202\12323\hotspot\src\share\vm\interpreter\linkResolver.cpp, line 1185]
Event: 28.959 Thread 0x0000000002402800 Exception <a 'java/lang/NullPointerException'> (0x000000076c92df70) thrown at [C:\re\workspace\8-2-build-windows-amd64-cygwin\jdk8u202\12323\hotspot\src\share\vm\interpreter\linkResolver.cpp, line 1185]
Event: 28.960 Thread 0x0000000002402800 Exception <a 'java/lang/NullPointerException'> (0x000000076c935868) thrown at [C:\re\workspace\8-2-build-windows-amd64-cygwin\jdk8u202\12323\hotspot\src\share\vm\interpreter\linkResolver.cpp, line 1185]
Event: 28.960 Thread 0x0000000002402800 Exception <a 'java/lang/NullPointerException'> (0x000000076c935a70) thrown at [C:\re\workspace\8-2-build-windows-amd64-cygwin\jdk8u202\12323\hotspot\src\share\vm\interpreter\linkResolver.cpp, line 1185]
Event: 28.960 Thread 0x0000000002402800 Exception <a 'java/lang/NullPointerException'> (0x000000076c935c78) thrown at [C:\re\workspace\8-2-build-windows-amd64-cygwin\jdk8u202\12323\hotspot\src\share\vm\interpreter\linkResolver.cpp, line 1185]
Event: 62.416 Thread 0x0000000002402800 Implicit null exception at 0x0000000002b3d503 to 0x0000000002b3d74d
Event: 76.565 Thread 0x0000000002402800 Implicit null exception at 0x00000000028c0595 to 0x00000000028c0799
Event: 76.618 Thread 0x0000000002402800 Implicit null exception at 0x00000000027a8f2f to 0x00000000027a8f99

Events (10 events):
Event: 76.991 loading class org/apache/maven/plugin/CacheUtils done
Event: 76.992 loading class org/apache/maven/plugin/internal/PlexusUtilsInjector
Event: 76.992 loading class org/apache/maven/plugin/internal/PlexusUtilsInjector done
Event: 76.992 loading class org/apache/maven/plugin/internal/WagonExcluder
Event: 76.992 loading class org/apache/maven/plugin/internal/WagonExcluder done
Event: 77.253 Thread 0x000000001d84e000 flushing nmethod 0x000000000260d310
Event: 77.253 Thread 0x000000001d84e000 flushing nmethod 0x0000000002616450
Event: 78.439 Thread 0x000000001d7ee000 flushing nmethod 0x0000000002759650
Event: 78.919 Thread 0x000000001d851800 flushing nmethod 0x000000000280f150
Event: 79.178 Thread 0x000000001d851800 flushing nmethod 0x000000000290b690


Dynamic libraries:
0x00007ff72b680000 - 0x00007ff72b6b7000 	C:\Program Files\Java\jdk1.8.0_202\bin\java.exe
0x00007ffd8b890000 - 0x00007ffd8baa4000 	C:\WINDOWS\SYSTEM32\ntdll.dll
0x00007ffd8b080000 - 0x00007ffd8b142000 	C:\WINDOWS\System32\KERNEL32.DLL
0x00007ffd89010000 - 0x00007ffd893ac000 	C:\WINDOWS\System32\KERNELBASE.dll
0x00007ffd8a1e0000 - 0x00007ffd8a28e000 	C:\WINDOWS\System32\ADVAPI32.dll
0x00007ffd8b340000 - 0x00007ffd8b3e7000 	C:\WINDOWS\System32\msvcrt.dll
0x00007ffd8a010000 - 0x00007ffd8a0b4000 	C:\WINDOWS\System32\sechost.dll
0x00007ffd89ef0000 - 0x00007ffd8a005000 	C:\WINDOWS\System32\RPCRT4.dll
0x00007ffd8b4f0000 - 0x00007ffd8b69a000 	C:\WINDOWS\System32\USER32.dll
0x00007ffd88fe0000 - 0x00007ffd89006000 	C:\WINDOWS\System32\win32u.dll
0x00007ffd8a120000 - 0x00007ffd8a149000 	C:\WINDOWS\System32\GDI32.dll
0x00007ffd89570000 - 0x00007ffd89682000 	C:\WINDOWS\System32\gdi32full.dll
0x00007ffd894d0000 - 0x00007ffd8956a000 	C:\WINDOWS\System32\msvcp_win.dll
0x00007ffd893b0000 - 0x00007ffd894c1000 	C:\WINDOWS\System32\ucrtbase.dll
0x00007ffd72410000 - 0x00007ffd7269e000 	C:\WINDOWS\WinSxS\amd64_microsoft.windows.common-controls_6595b64144ccf1df_6.0.22621.608_none_a9444ca7c10bb01d\COMCTL32.dll
0x00007ffd8b270000 - 0x00007ffd8b2a1000 	C:\WINDOWS\System32\IMM32.DLL
0x00000000698d0000 - 0x00000000699a2000 	C:\Program Files\Java\jdk1.8.0_202\jre\bin\msvcr100.dll
0x00000000684e0000 - 0x0000000068d85000 	C:\Program Files\Java\jdk1.8.0_202\jre\bin\server\jvm.dll
0x00007ffd8b840000 - 0x00007ffd8b848000 	C:\WINDOWS\System32\PSAPI.DLL
0x00007ffd7a3d0000 - 0x00007ffd7a3d9000 	C:\WINDOWS\SYSTEM32\WSOCK32.dll
0x00007ffd8b2b0000 - 0x00007ffd8b321000 	C:\WINDOWS\System32\WS2_32.dll
0x00007ffd77ec0000 - 0x00007ffd77ef4000 	C:\WINDOWS\SYSTEM32\WINMM.dll
0x00007ffd82090000 - 0x00007ffd8209a000 	C:\WINDOWS\SYSTEM32\VERSION.dll
0x00007ffd79e00000 - 0x00007ffd79e0f000 	C:\Program Files\Java\jdk1.8.0_202\jre\bin\verify.dll
0x00007ffd778c0000 - 0x00007ffd778e9000 	C:\Program Files\Java\jdk1.8.0_202\jre\bin\java.dll
0x00007ffd79de0000 - 0x00007ffd79df6000 	C:\Program Files\Java\jdk1.8.0_202\jre\bin\zip.dll
0x00007ffd8a7b0000 - 0x00007ffd8af8d000 	C:\WINDOWS\System32\SHELL32.dll
0x00007ffd86d20000 - 0x00007ffd875d7000 	C:\WINDOWS\SYSTEM32\windows.storage.dll
0x00007ffd896e0000 - 0x00007ffd89a69000 	C:\WINDOWS\System32\combase.dll
0x00007ffd86be0000 - 0x00007ffd86d1d000 	C:\WINDOWS\SYSTEM32\wintypes.dll
0x00007ffd8a3d0000 - 0x00007ffd8a4c1000 	C:\WINDOWS\System32\SHCORE.dll
0x00007ffd8a0c0000 - 0x00007ffd8a11e000 	C:\WINDOWS\System32\shlwapi.dll
0x00007ffd88bf0000 - 0x00007ffd88c11000 	C:\WINDOWS\SYSTEM32\profapi.dll
0x0000000069ac0000 - 0x0000000069ae4000 	C:\Program Files\NetBeans-15\netbeans\java\maven\lib\jansi-native\Windows\x86_64\jansi.dll

VM Arguments:
jvm_args: -Dclassworlds.conf=C:\Program Files\NetBeans-15\netbeans\java\maven\bin\m2.conf -Dmaven.home=C:\Program Files\NetBeans-15\netbeans\java\maven -Dlibrary.jansi.path=C:\Program Files\NetBeans-15\netbeans\java\maven\lib\jansi-native -Dmaven.multiModuleProjectDirectory=D:\Articloke 
java_command: org.codehaus.plexus.classworlds.launcher.Launcher -Dmaven.ext.class.path=C:\Program Files\NetBeans-15\netbeans\java\maven-nblib\netbeans-eventspy.jar -Dfile.encoding=UTF-8 install
java_class_path (initial): C:\Program Files\NetBeans-15\netbeans\java\maven\boot\plexus-classworlds-2.6.0.jar
Launcher Type: SUN_STANDARD

Environment Variables:
JAVA_HOME=C:\Program Files\Java\jdk1.8.0_202
PATH=C:\Program Files\Microsoft\jdk-11.0.12.7-hotspot\bin;C:\Program Files (x86)\Common Files\Oracle\Java\javapath;C:\WINDOWS\system32;C:\WINDOWS;C:\WINDOWS\System32\Wbem;C:\WINDOWS\System32\WindowsPowerShell\v1.0\;C:\WINDOWS\System32\OpenSSH\;C:\Program Files\Microsoft SQL Server\Client SDK\ODBC\170\Tools\Binn\;C:\Program Files (x86)\Microsoft SQL Server\150\Tools\Binn\;C:\Program Files\Microsoft SQL Server\150\Tools\Binn\;C:\Program Files\Microsoft SQL Server\150\DTS\Binn\;C:\Program Files (x86)\Microsoft SQL Server\150\DTS\Binn\;C:\Program Files\Azure Data Studio\bin;C:\Program Files\dotnet\;C:\Program Files\Git\cmd;C:\WINDOWS\system32;C:\WINDOWS;C:\WINDOWS\System32\Wbem;C:\WINDOWS\System32\WindowsPowerShell\v1.0\;C:\WINDOWS\System32\OpenSSH\;C:\Users\tucuo\AppData\Local\Microsoft\WindowsApps;C:\Program Files\Azure Data Studio\bin;C:\Users\tucuo\AppData\Local\GitHubDesktop\bin;C:\Users\tucuo\AppData\Local\Programs\Microsoft VS Code\bin;C:\Users\tucuo\.dotnet\tools;
USERNAME=tucuo
OS=Windows_NT
PROCESSOR_IDENTIFIER=Intel64 Family 6 Model 158 Stepping 13, GenuineIntel



---------------  S Y S T E M  ---------------

OS: Windows 10.0 , 64 bit Build 22621 (10.0.22621.608)

CPU:total 12 (initial active 12) (6 cores per cpu, 2 threads per core) family 6 model 158 stepping 13, cmov, cx8, fxsr, mmx, sse, sse2, sse3, ssse3, sse4.1, sse4.2, popcnt, avx, avx2, aes, clmul, erms, 3dnowpref, lzcnt, ht, tsc, tscinvbit, bmi1, bmi2, adx

Memory: 4k page, physical 16625524k(2146504k free), swap 46969712k(5124k free)

vm_info: Java HotSpot(TM) 64-Bit Server VM (25.202-b08) for windows-amd64 JRE (1.8.0_202-b08), built on Dec 15 2018 19:54:30 by "java_re" with MS VC++ 10.0 (VS2010)

time: Tue Nov 01 15:50:11 2022
timezone: SE Asia Standard Time
elapsed time: 79 seconds (0d 0h 1m 19s)

