#
# There is insufficient memory for the Java Runtime Environment to continue.
# Native memory allocation (malloc) failed to allocate 32744 bytes for ChunkPool::allocate
# Possible reasons:
#   The system is out of physical RAM or swap space
#   The process is running with CompressedOops enabled, and the Java Heap may be blocking the growth of the native heap
# Possible solutions:
#   Reduce memory load on the system
#   Increase physical memory or swap space
#   Check if swap backing store is full
#   Decrease Java heap size (-Xmx/-Xms)
#   Decrease number of Java threads
#   Decrease Java thread stack sizes (-Xss)
#   Set larger code cache with -XX:ReservedCodeCacheSize=
#   JVM is running with Zero Based Compressed Oops mode in which the Java heap is
#     placed in the first 32GB address space. The Java Heap base address is the
#     maximum limit for the native heap growth. Please use -XX:HeapBaseMinAddress
#     to set the Java Heap base and to place the Java Heap above 32GB virtual address.
# This output file may be truncated or incomplete.
#
#  Out of Memory Error (allocation.cpp:272), pid=26896, tid=0x00000000000032b4
#
# JRE version: Java(TM) SE Runtime Environment (8.0_202-b08) (build 1.8.0_202-b08)
# Java VM: Java HotSpot(TM) 64-Bit Server VM (25.202-b08 mixed mode windows-amd64 compressed oops)
# Failed to write core dump. Minidumps are not enabled by default on client versions of Windows
#

---------------  T H R E A D  ---------------

Current thread (0x000000001e35e000):  JavaThread "C2 CompilerThread1" daemon [_thread_in_native, id=12980, stack(0x000000001fa60000,0x000000001fb60000)]

Stack: [0x000000001fa60000,0x000000001fb60000]
[error occurred during error reporting (printing stack bounds), id 0xc0000005]

Native frames: (J=compiled Java code, j=interpreted, Vv=VM code, C=native code)


Current CompileTask:
C2:  88024 2985   !   4       org.apache.maven.model.Developer::clone (51 bytes)


---------------  P R O C E S S  ---------------

Java Threads: ( => current thread )
  0x000000001e36f000 JavaThread "Service Thread" daemon [_thread_blocked, id=30880, stack(0x000000001fd60000,0x000000001fe60000)]
  0x000000001e361800 JavaThread "C1 CompilerThread3" daemon [_thread_in_native, id=5920, stack(0x000000001fc60000,0x000000001fd60000)]
  0x000000001e360800 JavaThread "C2 CompilerThread2" daemon [_thread_in_native, id=4400, stack(0x000000001fb60000,0x000000001fc60000)]
=>0x000000001e35e000 JavaThread "C2 CompilerThread1" daemon [_thread_in_native, id=12980, stack(0x000000001fa60000,0x000000001fb60000)]
  0x000000001e2fe000 JavaThread "C2 CompilerThread0" daemon [_thread_blocked, id=29372, stack(0x000000001f960000,0x000000001fa60000)]
  0x000000001e2fb800 JavaThread "Attach Listener" daemon [_thread_blocked, id=10792, stack(0x000000001f860000,0x000000001f960000)]
  0x000000001e2f9000 JavaThread "Signal Dispatcher" daemon [_thread_blocked, id=13716, stack(0x000000001f760000,0x000000001f860000)]
  0x000000001cc2d800 JavaThread "Finalizer" daemon [_thread_blocked, id=24956, stack(0x000000001f560000,0x000000001f660000)]
  0x000000001e2f3000 JavaThread "Reference Handler" daemon [_thread_blocked, id=21744, stack(0x000000001f460000,0x000000001f560000)]
  0x0000000002f72800 JavaThread "main" [_thread_in_Java, id=3600, stack(0x0000000002e70000,0x0000000002f70000)]

Other Threads:
  0x000000001cc26800 VMThread [stack: 0x000000001f360000,0x000000001f460000] [id=19652]
  0x000000001e368000 WatcherThread [stack: 0x000000001fe60000,0x000000001ff60000] [id=29132]

VM state:not at safepoint (normal execution)

VM Mutex/Monitor currently owned by a thread: None

heap address: 0x00000006c2400000, size: 4060 MB, Compressed Oops mode: Zero based, Oop shift amount: 3
Narrow klass base: 0x0000000000000000, Narrow klass shift: 3
Compressed class space size: 1073741824 Address: 0x00000007c0000000

Heap:
 PSYoungGen      total 75776K, used 64414K [0x000000076b700000, 0x0000000774b00000, 0x00000007c0000000)
  eden space 65024K, 83% used [0x000000076b700000,0x000000076ebe6e00,0x000000076f680000)
  from space 10752K, 95% used [0x0000000774080000,0x0000000774a80ca8,0x0000000774b00000)
  to   space 10752K, 0% used [0x000000076f680000,0x000000076f680000,0x0000000770100000)
 ParOldGen       total 173568K, used 24K [0x00000006c2400000, 0x00000006ccd80000, 0x000000076b700000)
  object space 173568K, 0% used [0x00000006c2400000,0x00000006c2406000,0x00000006ccd80000)
 Metaspace       used 16136K, capacity 16456K, committed 16640K, reserved 1064960K
  class space    used 1884K, capacity 1985K, committed 2048K, reserved 1048576K

Card table byte_map: [0x0000000012430000,0x0000000012c20000] byte_map_base: 0x000000000ee1e000

Marking Bits: (ParMarkBitMap*) 0x0000000068d05ce0
 Begin Bits: [0x0000000013b70000, 0x0000000017ae0000)
 End Bits:   [0x0000000017ae0000, 0x000000001ba50000)

Polling page: 0x00000000013d0000

CodeCache: size=245760Kb used=10230Kb max_used=10230Kb free=235529Kb
 bounds [0x0000000003070000, 0x0000000003a80000, 0x0000000012070000]
 total_blobs=3208 nmethods=2864 adapters=256
 compilation: enabled

Compilation events (10 events):
Event: 88.021 Thread 0x000000001e361800 2983       3       org.apache.maven.building.FileSource::<init> (21 bytes)
Event: 88.021 Thread 0x000000001e361800 nmethod 2983 0x0000000003a73010 code [0x0000000003a731e0, 0x0000000003a737c8]
Event: 88.021 Thread 0x000000001e361800 2982       3       org.apache.maven.model.building.FileModelSource::<init> (6 bytes)
Event: 88.022 Thread 0x000000001e361800 nmethod 2982 0x0000000003a73b10 code [0x0000000003a73ce0, 0x0000000003a74328]
Event: 88.022 Thread 0x000000001e35e000 2985   !   4       org.apache.maven.model.Developer::clone (51 bytes)
Event: 88.023 Thread 0x000000001e361800 2986       3       org.codehaus.plexus.interpolation.ObjectBasedValueSource::<init> (11 bytes)
Event: 88.023 Thread 0x000000001e361800 nmethod 2986 0x0000000003a74750 code [0x0000000003a748e0, 0x0000000003a74d30]
Event: 88.023 Thread 0x000000001e361800 2987       3       org.apache.maven.model.building.DefaultModelProblemCollector::<init> (77 bytes)
Event: 88.023 Thread 0x000000001e360800 2992       4       org.eclipse.aether.repository.RepositoryPolicy::hashCode (49 bytes)
Event: 88.023 Thread 0x000000001e361800 nmethod 2987 0x0000000003a74f90 code [0x0000000003a75180, 0x0000000003a759b8]

GC Heap History (4 events):
Event: 18.429 GC heap before
{Heap before GC invocations=1 (full 0):
 PSYoungGen      total 75776K, used 65024K [0x000000076b700000, 0x0000000770b80000, 0x00000007c0000000)
  eden space 65024K, 100% used [0x000000076b700000,0x000000076f680000,0x000000076f680000)
  from space 10752K, 0% used [0x0000000770100000,0x0000000770100000,0x0000000770b80000)
  to   space 10752K, 0% used [0x000000076f680000,0x000000076f680000,0x0000000770100000)
 ParOldGen       total 173568K, used 0K [0x00000006c2400000, 0x00000006ccd80000, 0x000000076b700000)
  object space 173568K, 0% used [0x00000006c2400000,0x00000006c2400000,0x00000006ccd80000)
 Metaspace       used 11291K, capacity 11484K, committed 11776K, reserved 1058816K
  class space    used 1398K, capacity 1479K, committed 1536K, reserved 1048576K
Event: 18.630 GC heap after
Heap after GC invocations=1 (full 0):
 PSYoungGen      total 75776K, used 10200K [0x000000076b700000, 0x0000000774b00000, 0x00000007c0000000)
  eden space 65024K, 0% used [0x000000076b700000,0x000000076b700000,0x000000076f680000)
  from space 10752K, 94% used [0x000000076f680000,0x0000000770076138,0x0000000770100000)
  to   space 10752K, 0% used [0x0000000774080000,0x0000000774080000,0x0000000774b00000)
 ParOldGen       total 173568K, used 8K [0x00000006c2400000, 0x00000006ccd80000, 0x000000076b700000)
  object space 173568K, 0% used [0x00000006c2400000,0x00000006c2402000,0x00000006ccd80000)
 Metaspace       used 11291K, capacity 11484K, committed 11776K, reserved 1058816K
  class space    used 1398K, capacity 1479K, committed 1536K, reserved 1048576K
}
Event: 72.435 GC heap before
{Heap before GC invocations=2 (full 0):
 PSYoungGen      total 75776K, used 75224K [0x000000076b700000, 0x0000000774b00000, 0x00000007c0000000)
  eden space 65024K, 100% used [0x000000076b700000,0x000000076f680000,0x000000076f680000)
  from space 10752K, 94% used [0x000000076f680000,0x0000000770076138,0x0000000770100000)
  to   space 10752K, 0% used [0x0000000774080000,0x0000000774080000,0x0000000774b00000)
 ParOldGen       total 173568K, used 8K [0x00000006c2400000, 0x00000006ccd80000, 0x000000076b700000)
  object space 173568K, 0% used [0x00000006c2400000,0x00000006c2402000,0x00000006ccd80000)
 Metaspace       used 15414K, capacity 15696K, committed 15872K, reserved 1062912K
  class space    used 1855K, capacity 1949K, committed 2048K, reserved 1048576K
Event: 72.805 GC heap after
Heap after GC invocations=2 (full 0):
 PSYoungGen      total 75776K, used 10243K [0x000000076b700000, 0x0000000774b00000, 0x00000007c0000000)
  eden space 65024K, 0% used [0x000000076b700000,0x000000076b700000,0x000000076f680000)
  from space 10752K, 95% used [0x0000000774080000,0x0000000774a80ca8,0x0000000774b00000)
  to   space 10752K, 0% used [0x000000076f680000,0x000000076f680000,0x0000000770100000)
 ParOldGen       total 173568K, used 24K [0x00000006c2400000, 0x00000006ccd80000, 0x000000076b700000)
  object space 173568K, 0% used [0x00000006c2400000,0x00000006c2406000,0x00000006ccd80000)
 Metaspace       used 15414K, capacity 15696K, committed 15872K, reserved 1062912K
  class space    used 1855K, capacity 1949K, committed 2048K, reserved 1048576K
}

Deoptimization events (10 events):
Event: 69.101 Thread 0x0000000002f72800 Uncommon trap: reason=class_check action=maybe_recompile pc=0x000000000363782c method=java.util.regex.Pattern$7.isSatisfiedBy(I)Z @ 16
Event: 69.101 Thread 0x0000000002f72800 Uncommon trap: reason=class_check action=maybe_recompile pc=0x000000000363782c method=java.util.regex.Pattern$7.isSatisfiedBy(I)Z @ 16
Event: 70.210 Thread 0x0000000002f72800 Uncommon trap: reason=unstable_if action=reinterpret pc=0x000000000340a920 method=java.lang.String.regionMatches(ZILjava/lang/String;II)Z @ 25
Event: 71.275 Thread 0x0000000002f72800 Uncommon trap: reason=unstable_if action=reinterpret pc=0x00000000036809c8 method=org.codehaus.plexus.util.xml.pull.MXParser.nextImpl()I @ 280
Event: 71.289 Thread 0x0000000002f72800 Uncommon trap: reason=unstable_if action=reinterpret pc=0x0000000003654430 method=org.codehaus.plexus.util.xml.pull.MXParser.isS(C)Z @ 21
Event: 71.672 Thread 0x0000000002f72800 Uncommon trap: reason=unstable_if action=reinterpret pc=0x00000000038291ec method=org.codehaus.plexus.util.xml.pull.MXParser.nextImpl()I @ 310
Event: 74.022 Thread 0x0000000002f72800 Uncommon trap: reason=unstable_if action=reinterpret pc=0x000000000344b668 method=java.util.HashMap.hash(Ljava/lang/Object;)I @ 1
Event: 74.024 Thread 0x0000000002f72800 Uncommon trap: reason=unstable_if action=reinterpret pc=0x000000000332d5e8 method=java.util.HashMap.hash(Ljava/lang/Object;)I @ 1
Event: 74.034 Thread 0x0000000002f72800 Uncommon trap: reason=unstable_if action=reinterpret pc=0x0000000003412410 method=java.util.HashMap.getNode(ILjava/lang/Object;)Ljava/util/HashMap$Node; @ 53
Event: 83.757 Thread 0x0000000002f72800 Uncommon trap: reason=unstable_if action=reinterpret pc=0x000000000398bfb4 method=java.util.WeakHashMap.get(Ljava/lang/Object;)Ljava/lang/Object; @ 56

Classes redefined (0 events):
No events

Internal exceptions (10 events):
Event: 19.464 Thread 0x0000000002f72800 Exception <a 'java/lang/NoClassDefFoundError'> (0x000000076c220928) thrown at [C:\re\workspace\8-2-build-windows-amd64-cygwin\jdk8u202\12323\hotspot\src\share\vm\prims\jvm.cpp, line 1506]
Event: 20.913 Thread 0x0000000002f72800 Exception <a 'java/lang/NullPointerException'> (0x000000076c929848) thrown at [C:\re\workspace\8-2-build-windows-amd64-cygwin\jdk8u202\12323\hotspot\src\share\vm\interpreter\linkResolver.cpp, line 1185]
Event: 20.913 Thread 0x0000000002f72800 Exception <a 'java/lang/NullPointerException'> (0x000000076c929a50) thrown at [C:\re\workspace\8-2-build-windows-amd64-cygwin\jdk8u202\12323\hotspot\src\share\vm\interpreter\linkResolver.cpp, line 1185]
Event: 20.913 Thread 0x0000000002f72800 Exception <a 'java/lang/NullPointerException'> (0x000000076c929c58) thrown at [C:\re\workspace\8-2-build-windows-amd64-cygwin\jdk8u202\12323\hotspot\src\share\vm\interpreter\linkResolver.cpp, line 1185]
Event: 20.914 Thread 0x0000000002f72800 Exception <a 'java/lang/NullPointerException'> (0x000000076c931550) thrown at [C:\re\workspace\8-2-build-windows-amd64-cygwin\jdk8u202\12323\hotspot\src\share\vm\interpreter\linkResolver.cpp, line 1185]
Event: 20.914 Thread 0x0000000002f72800 Exception <a 'java/lang/NullPointerException'> (0x000000076c931758) thrown at [C:\re\workspace\8-2-build-windows-amd64-cygwin\jdk8u202\12323\hotspot\src\share\vm\interpreter\linkResolver.cpp, line 1185]
Event: 20.914 Thread 0x0000000002f72800 Exception <a 'java/lang/NullPointerException'> (0x000000076c931960) thrown at [C:\re\workspace\8-2-build-windows-amd64-cygwin\jdk8u202\12323\hotspot\src\share\vm\interpreter\linkResolver.cpp, line 1185]
Event: 66.468 Thread 0x0000000002f72800 Implicit null exception at 0x00000000036a3dc3 to 0x00000000036a400d
Event: 74.022 Thread 0x0000000002f72800 Implicit null exception at 0x000000000344b455 to 0x000000000344b659
Event: 74.024 Thread 0x0000000002f72800 Implicit null exception at 0x000000000332d56f to 0x000000000332d5d9

Events (10 events):
Event: 83.755 Executing VM operation: Deoptimize done
Event: 83.757 Thread 0x0000000002f72800 DEOPT PACKING pc=0x0000000003947a7c sp=0x0000000002f6cd90
Event: 83.757 Thread 0x0000000002f72800 DEOPT UNPACKING pc=0x00000000030b7890 sp=0x0000000002f6cb18 mode 0
Event: 83.757 Thread 0x0000000002f72800 Uncommon trap: trap_request=0xffffff65 fr.pc=0x000000000398bfb4
Event: 83.757 Thread 0x0000000002f72800 DEOPT PACKING pc=0x000000000398bfb4 sp=0x0000000002f6cb00
Event: 83.757 Thread 0x0000000002f72800 DEOPT UNPACKING pc=0x00000000030b583b sp=0x0000000002f6ca70 mode 2
Event: 84.022 Thread 0x0000000002f72800 DEOPT PACKING pc=0x00000000039497e4 sp=0x0000000002f6d210
Event: 84.022 Thread 0x0000000002f72800 DEOPT UNPACKING pc=0x00000000030b7890 sp=0x0000000002f6d018 mode 0
Event: 84.271 Thread 0x0000000002f72800 DEOPT PACKING pc=0x00000000039497e4 sp=0x0000000002f6d690
Event: 84.271 Thread 0x0000000002f72800 DEOPT UNPACKING pc=0x00000000030b7890 sp=0x0000000002f6d498 mode 0


Dynamic libraries:
0x00007ff72b680000 - 0x00007ff72b6b7000 	C:\Program Files\Java\jdk1.8.0_202\bin\java.exe
0x00007ffd8b890000 - 0x00007ffd8baa4000 	C:\WINDOWS\SYSTEM32\ntdll.dll
0x00007ffd8b080000 - 0x00007ffd8b142000 	C:\WINDOWS\System32\KERNEL32.DLL
0x00007ffd89010000 - 0x00007ffd893ac000 	C:\WINDOWS\System32\KERNELBASE.dll
0x00007ffd8a1e0000 - 0x00007ffd8a28e000 	C:\WINDOWS\System32\ADVAPI32.dll
0x00007ffd8b340000 - 0x00007ffd8b3e7000 	C:\WINDOWS\System32\msvcrt.dll
0x00007ffd8a010000 - 0x00007ffd8a0b4000 	C:\WINDOWS\System32\sechost.dll
0x00007ffd89ef0000 - 0x00007ffd8a005000 	C:\WINDOWS\System32\RPCRT4.dll
0x00007ffd8b4f0000 - 0x00007ffd8b69a000 	C:\WINDOWS\System32\USER32.dll
0x00007ffd88fe0000 - 0x00007ffd89006000 	C:\WINDOWS\System32\win32u.dll
0x00007ffd8a120000 - 0x00007ffd8a149000 	C:\WINDOWS\System32\GDI32.dll
0x00007ffd89570000 - 0x00007ffd89682000 	C:\WINDOWS\System32\gdi32full.dll
0x00007ffd894d0000 - 0x00007ffd8956a000 	C:\WINDOWS\System32\msvcp_win.dll
0x00007ffd893b0000 - 0x00007ffd894c1000 	C:\WINDOWS\System32\ucrtbase.dll
0x00007ffd72410000 - 0x00007ffd7269e000 	C:\WINDOWS\WinSxS\amd64_microsoft.windows.common-controls_6595b64144ccf1df_6.0.22621.608_none_a9444ca7c10bb01d\COMCTL32.dll
0x00007ffd8b270000 - 0x00007ffd8b2a1000 	C:\WINDOWS\System32\IMM32.DLL
0x00000000698d0000 - 0x00000000699a2000 	C:\Program Files\Java\jdk1.8.0_202\jre\bin\msvcr100.dll
0x00000000684e0000 - 0x0000000068d85000 	C:\Program Files\Java\jdk1.8.0_202\jre\bin\server\jvm.dll
0x00007ffd8b840000 - 0x00007ffd8b848000 	C:\WINDOWS\System32\PSAPI.DLL
0x00007ffd7a3d0000 - 0x00007ffd7a3d9000 	C:\WINDOWS\SYSTEM32\WSOCK32.dll
0x00007ffd77ec0000 - 0x00007ffd77ef4000 	C:\WINDOWS\SYSTEM32\WINMM.dll
0x00007ffd8b2b0000 - 0x00007ffd8b321000 	C:\WINDOWS\System32\WS2_32.dll
0x00007ffd82090000 - 0x00007ffd8209a000 	C:\WINDOWS\SYSTEM32\VERSION.dll
0x00007ffd79e00000 - 0x00007ffd79e0f000 	C:\Program Files\Java\jdk1.8.0_202\jre\bin\verify.dll
0x00007ffd778c0000 - 0x00007ffd778e9000 	C:\Program Files\Java\jdk1.8.0_202\jre\bin\java.dll
0x00007ffd79de0000 - 0x00007ffd79df6000 	C:\Program Files\Java\jdk1.8.0_202\jre\bin\zip.dll
0x00007ffd8a7b0000 - 0x00007ffd8af8d000 	C:\WINDOWS\System32\SHELL32.dll
0x00007ffd86d20000 - 0x00007ffd875d7000 	C:\WINDOWS\SYSTEM32\windows.storage.dll
0x00007ffd896e0000 - 0x00007ffd89a69000 	C:\WINDOWS\System32\combase.dll
0x00007ffd86be0000 - 0x00007ffd86d1d000 	C:\WINDOWS\SYSTEM32\wintypes.dll
0x00007ffd8a3d0000 - 0x00007ffd8a4c1000 	C:\WINDOWS\System32\SHCORE.dll
0x00007ffd8a0c0000 - 0x00007ffd8a11e000 	C:\WINDOWS\System32\shlwapi.dll
0x00007ffd88bf0000 - 0x00007ffd88c11000 	C:\WINDOWS\SYSTEM32\profapi.dll
0x0000000069ac0000 - 0x0000000069ae4000 	C:\Program Files\NetBeans-15\netbeans\java\maven\lib\jansi-native\Windows\x86_64\jansi.dll

VM Arguments:
jvm_args: -Dclassworlds.conf=C:\Program Files\NetBeans-15\netbeans\java\maven\bin\m2.conf -Dmaven.home=C:\Program Files\NetBeans-15\netbeans\java\maven -Dlibrary.jansi.path=C:\Program Files\NetBeans-15\netbeans\java\maven\lib\jansi-native -Dmaven.multiModuleProjectDirectory=D:\Articloke 
java_command: org.codehaus.plexus.classworlds.launcher.Launcher -Dmaven.ext.class.path=C:\Program Files\NetBeans-15\netbeans\java\maven-nblib\netbeans-eventspy.jar -Dfile.encoding=UTF-8 install
java_class_path (initial): C:\Program Files\NetBeans-15\netbeans\java\maven\boot\plexus-classworlds-2.6.0.jar
Launcher Type: SUN_STANDARD

Environment Variables:
JAVA_HOME=C:\Program Files\Java\jdk1.8.0_202
PATH=C:\Program Files\Microsoft\jdk-11.0.12.7-hotspot\bin;C:\Program Files (x86)\Common Files\Oracle\Java\javapath;C:\WINDOWS\system32;C:\WINDOWS;C:\WINDOWS\System32\Wbem;C:\WINDOWS\System32\WindowsPowerShell\v1.0\;C:\WINDOWS\System32\OpenSSH\;C:\Program Files\Microsoft SQL Server\Client SDK\ODBC\170\Tools\Binn\;C:\Program Files (x86)\Microsoft SQL Server\150\Tools\Binn\;C:\Program Files\Microsoft SQL Server\150\Tools\Binn\;C:\Program Files\Microsoft SQL Server\150\DTS\Binn\;C:\Program Files (x86)\Microsoft SQL Server\150\DTS\Binn\;C:\Program Files\Azure Data Studio\bin;C:\Program Files\dotnet\;C:\Program Files\Git\cmd;C:\WINDOWS\system32;C:\WINDOWS;C:\WINDOWS\System32\Wbem;C:\WINDOWS\System32\WindowsPowerShell\v1.0\;C:\WINDOWS\System32\OpenSSH\;C:\Users\tucuo\AppData\Local\Microsoft\WindowsApps;C:\Program Files\Azure Data Studio\bin;C:\Users\tucuo\AppData\Local\GitHubDesktop\bin;C:\Users\tucuo\AppData\Local\Programs\Microsoft VS Code\bin;C:\Users\tucuo\.dotnet\tools;
USERNAME=tucuo
OS=Windows_NT
PROCESSOR_IDENTIFIER=Intel64 Family 6 Model 158 Stepping 13, GenuineIntel



---------------  S Y S T E M  ---------------

OS: Windows 10.0 , 64 bit Build 22621 (10.0.22621.608)

CPU:total 12 (initial active 12) (6 cores per cpu, 2 threads per core) family 6 model 158 stepping 13, cmov, cx8, fxsr, mmx, sse, sse2, sse3, ssse3, sse4.1, sse4.2, popcnt, avx, avx2, aes, clmul, erms, 3dnowpref, lzcnt, ht, tsc, tscinvbit, bmi1, bmi2, adx

Memory: 4k page, physical 16625524k(512196k free), swap 46969712k(4000k free)

vm_info: Java HotSpot(TM) 64-Bit Server VM (25.202-b08) for windows-amd64 JRE (1.8.0_202-b08), built on Dec 15 2018 19:54:30 by "java_re" with MS VC++ 10.0 (VS2010)

time: Tue Nov 01 15:50:22 2022
timezone: SE Asia Standard Time
elapsed time: 88 seconds (0d 0h 1m 28s)

