#
# There is insufficient memory for the Java Runtime Environment to continue.
# Native memory allocation (malloc) failed to allocate 151056 bytes for Chunk::new
# Possible reasons:
#   The system is out of physical RAM or swap space
#   The process is running with CompressedOops enabled, and the Java Heap may be blocking the growth of the native heap
# Possible solutions:
#   Reduce memory load on the system
#   Increase physical memory or swap space
#   Check if swap backing store is full
#   Decrease Java heap size (-Xmx/-Xms)
#   Decrease number of Java threads
#   Decrease Java thread stack sizes (-Xss)
#   Set larger code cache with -XX:ReservedCodeCacheSize=
#   JVM is running with Zero Based Compressed Oops mode in which the Java heap is
#     placed in the first 32GB address space. The Java Heap base address is the
#     maximum limit for the native heap growth. Please use -XX:HeapBaseMinAddress
#     to set the Java Heap base and to place the Java Heap above 32GB virtual address.
# This output file may be truncated or incomplete.
#
#  Out of Memory Error (allocation.cpp:389), pid=20888, tid=0x0000000000004050
#
# JRE version: Java(TM) SE Runtime Environment (8.0_202-b08) (build 1.8.0_202-b08)
# Java VM: Java HotSpot(TM) 64-Bit Server VM (25.202-b08 mixed mode windows-amd64 compressed oops)
# Failed to write core dump. Minidumps are not enabled by default on client versions of Windows
#

---------------  T H R E A D  ---------------

Current thread (0x000000001e12e000):  JavaThread "C2 CompilerThread0" daemon [_thread_in_native, id=16464, stack(0x000000001f780000,0x000000001f880000)]

Stack: [0x000000001f780000,0x000000001f880000]
[error occurred during error reporting (printing stack bounds), id 0xc0000005]

Native frames: (J=compiled Java code, j=interpreted, Vv=VM code, C=native code)


Current CompileTask:
C2:   4517 1069   !   4       java.lang.ClassLoader::loadClass (122 bytes)


---------------  P R O C E S S  ---------------

Java Threads: ( => current thread )
  0x000000001e195800 JavaThread "Service Thread" daemon [_thread_blocked, id=14040, stack(0x000000001fb80000,0x000000001fc80000)]
  0x000000001e190800 JavaThread "C1 CompilerThread3" daemon [_thread_blocked, id=17616, stack(0x000000001fa80000,0x000000001fb80000)]
  0x000000001e18f800 JavaThread "C2 CompilerThread2" daemon [_thread_blocked, id=5040, stack(0x000000001f980000,0x000000001fa80000)]
  0x000000001e18d000 JavaThread "C2 CompilerThread1" daemon [_thread_blocked, id=28484, stack(0x000000001f880000,0x000000001f980000)]
=>0x000000001e12e000 JavaThread "C2 CompilerThread0" daemon [_thread_in_native, id=16464, stack(0x000000001f780000,0x000000001f880000)]
  0x000000001e12b800 JavaThread "Attach Listener" daemon [_thread_blocked, id=13860, stack(0x000000001f680000,0x000000001f780000)]
  0x000000001e129000 JavaThread "Signal Dispatcher" daemon [_thread_blocked, id=16408, stack(0x000000001f580000,0x000000001f680000)]
  0x000000001ca4d800 JavaThread "Finalizer" daemon [_thread_blocked, id=19236, stack(0x000000001f380000,0x000000001f480000)]
  0x000000001e123000 JavaThread "Reference Handler" daemon [_thread_blocked, id=19424, stack(0x000000001f280000,0x000000001f380000)]
  0x0000000002d92800 JavaThread "main" [_thread_in_vm, id=19484, stack(0x0000000002ab0000,0x0000000002bb0000)]

Other Threads:
  0x000000001ca46800 VMThread [stack: 0x000000001f180000,0x000000001f280000] [id=22116]
  0x000000001e1a3000 WatcherThread [stack: 0x000000001fc80000,0x000000001fd80000] [id=9448]

VM state:not at safepoint (normal execution)

VM Mutex/Monitor currently owned by a thread: None

heap address: 0x00000006c2400000, size: 4060 MB, Compressed Oops mode: Zero based, Oop shift amount: 3
Narrow klass base: 0x0000000000000000, Narrow klass shift: 3
Compressed class space size: 1073741824 Address: 0x00000007c0000000

Heap:
 PSYoungGen      total 75776K, used 17249K [0x000000076b700000, 0x0000000770b80000, 0x00000007c0000000)
  eden space 65024K, 10% used [0x000000076b700000,0x000000076bddaf68,0x000000076f680000)
  from space 10752K, 95% used [0x000000076f680000,0x000000077007d4e8,0x0000000770100000)
  to   space 10752K, 0% used [0x0000000770100000,0x0000000770100000,0x0000000770b80000)
 ParOldGen       total 173568K, used 8K [0x00000006c2400000, 0x00000006ccd80000, 0x000000076b700000)
  object space 173568K, 0% used [0x00000006c2400000,0x00000006c2402000,0x00000006ccd80000)
 Metaspace       used 11993K, capacity 12162K, committed 12416K, reserved 1060864K
  class space    used 1506K, capacity 1576K, committed 1664K, reserved 1048576K

Card table byte_map: [0x0000000012250000,0x0000000012a40000] byte_map_base: 0x000000000ec3e000

Marking Bits: (ParMarkBitMap*) 0x0000000068d05ce0
 Begin Bits: [0x0000000013990000, 0x0000000017900000)
 End Bits:   [0x0000000017900000, 0x000000001b870000)

Polling page: 0x0000000000e00000

CodeCache: size=245760Kb used=4223Kb max_used=4235Kb free=241536Kb
 bounds [0x0000000002e90000, 0x00000000032c0000, 0x0000000011e90000]
 total_blobs=1398 nmethods=1082 adapters=228
 compilation: enabled

Compilation events (10 events):
Event: 4.499 Thread 0x000000001e190800 1079       1       java.lang.Class$MethodArray::length (5 bytes)
Event: 4.499 Thread 0x000000001e190800 nmethod 1079 0x00000000032b1ed0 code [0x00000000032b2020, 0x00000000032b2130]
Event: 4.499 Thread 0x000000001e190800 1080       3       java.util.HashMap$ValueIterator::next (8 bytes)
Event: 4.499 Thread 0x000000001e190800 nmethod 1080 0x00000000032b1a90 code [0x00000000032b1c00, 0x00000000032b1e08]
Event: 4.499 Thread 0x000000001e190800 1081       3       sun.misc.ProxyGenerator$ConstantPool::getFieldRef (33 bytes)
Event: 4.500 Thread 0x000000001e190800 nmethod 1081 0x00000000032aff50 code [0x00000000032b01e0, 0x00000000032b0f88]
Event: 4.500 Thread 0x000000001e190800 1082       3       java.lang.Float::isNaN (12 bytes)
Event: 4.500 Thread 0x000000001e190800 nmethod 1082 0x00000000032b2990 code [0x00000000032b2ae0, 0x00000000032b2c90]
Event: 4.500 Thread 0x000000001e18f800 1083       4       java.util.ArrayList$Itr::next (66 bytes)
Event: 4.502 Thread 0x000000001e18f800 nmethod 1083 0x00000000032b5a50 code [0x00000000032b5ba0, 0x00000000032b5cb8]

GC Heap History (2 events):
Event: 4.162 GC heap before
{Heap before GC invocations=1 (full 0):
 PSYoungGen      total 75776K, used 65024K [0x000000076b700000, 0x0000000770b80000, 0x00000007c0000000)
  eden space 65024K, 100% used [0x000000076b700000,0x000000076f680000,0x000000076f680000)
  from space 10752K, 0% used [0x0000000770100000,0x0000000770100000,0x0000000770b80000)
  to   space 10752K, 0% used [0x000000076f680000,0x000000076f680000,0x0000000770100000)
 ParOldGen       total 173568K, used 0K [0x00000006c2400000, 0x00000006ccd80000, 0x000000076b700000)
  object space 173568K, 0% used [0x00000006c2400000,0x00000006c2400000,0x00000006ccd80000)
 Metaspace       used 11280K, capacity 11484K, committed 11776K, reserved 1058816K
  class space    used 1397K, capacity 1479K, committed 1536K, reserved 1048576K
Event: 4.394 GC heap after
Heap after GC invocations=1 (full 0):
 PSYoungGen      total 75776K, used 10229K [0x000000076b700000, 0x0000000770b80000, 0x00000007c0000000)
  eden space 65024K, 0% used [0x000000076b700000,0x000000076b700000,0x000000076f680000)
  from space 10752K, 95% used [0x000000076f680000,0x000000077007d4e8,0x0000000770100000)
  to   space 10752K, 0% used [0x0000000770100000,0x0000000770100000,0x0000000770b80000)
 ParOldGen       total 173568K, used 8K [0x00000006c2400000, 0x00000006ccd80000, 0x000000076b700000)
  object space 173568K, 0% used [0x00000006c2400000,0x00000006c2402000,0x00000006ccd80000)
 Metaspace       used 11280K, capacity 11484K, committed 11776K, reserved 1058816K
  class space    used 1397K, capacity 1479K, committed 1536K, reserved 1048576K
}

Deoptimization events (6 events):
Event: 3.002 Thread 0x0000000002d92800 Uncommon trap: reason=unstable_if action=reinterpret pc=0x000000000303a2e8 method=java.lang.String.indexOf([CII[CIII)I @ 3
Event: 3.372 Thread 0x0000000002d92800 Uncommon trap: reason=unstable_if action=reinterpret pc=0x000000000314ae5c method=org.codehaus.plexus.util.xml.pull.MXParser.nextImpl()I @ 241
Event: 3.456 Thread 0x0000000002d92800 Uncommon trap: reason=unstable_if action=reinterpret pc=0x00000000030fdb5c method=java.util.HashMap.getNode(ILjava/lang/Object;)Ljava/util/HashMap$Node; @ 129
Event: 3.456 Thread 0x0000000002d92800 Uncommon trap: reason=unstable_if action=reinterpret pc=0x00000000030f5084 method=java.util.HashMap.getNode(ILjava/lang/Object;)Ljava/util/HashMap$Node; @ 129
Event: 3.475 Thread 0x0000000002d92800 Uncommon trap: reason=range_check action=make_not_entrant pc=0x00000000031a75e8 method=sun.reflect.generics.parser.SignatureParser.current()C @ 34
Event: 3.651 Thread 0x0000000002d92800 Uncommon trap: reason=unstable_if action=reinterpret pc=0x0000000003071840 method=sun.misc.MetaIndex.mayContain(Ljava/lang/String;)Z @ 38

Classes redefined (0 events):
No events

Internal exceptions (10 events):
Event: 1.904 Thread 0x0000000002d92800 Exception <a 'java/lang/NullPointerException'> (0x000000076bbcdce0) thrown at [C:\re\workspace\8-2-build-windows-amd64-cygwin\jdk8u202\12323\hotspot\src\share\vm\interpreter\linkResolver.cpp, line 1185]
Event: 1.904 Thread 0x0000000002d92800 Exception <a 'java/lang/NullPointerException'> (0x000000076bbcdee8) thrown at [C:\re\workspace\8-2-build-windows-amd64-cygwin\jdk8u202\12323\hotspot\src\share\vm\interpreter\linkResolver.cpp, line 1185]
Event: 1.904 Thread 0x0000000002d92800 Exception <a 'java/lang/NullPointerException'> (0x000000076bbce0f0) thrown at [C:\re\workspace\8-2-build-windows-amd64-cygwin\jdk8u202\12323\hotspot\src\share\vm\interpreter\linkResolver.cpp, line 1185]
Event: 3.223 Thread 0x0000000002d92800 Exception <a 'java/lang/ArrayIndexOutOfBoundsException'> (0x000000076ca6a100) thrown at [C:\re\workspace\8-2-build-windows-amd64-cygwin\jdk8u202\12323\hotspot\src\share\vm\runtime\sharedRuntime.cpp, line 605]
Event: 3.229 Thread 0x0000000002d92800 Exception <a 'java/lang/ArrayIndexOutOfBoundsException'> (0x000000076ca84a18) thrown at [C:\re\workspace\8-2-build-windows-amd64-cygwin\jdk8u202\12323\hotspot\src\share\vm\runtime\sharedRuntime.cpp, line 605]
Event: 3.236 Thread 0x0000000002d92800 Exception <a 'java/lang/ArrayIndexOutOfBoundsException'> (0x000000076cac5318) thrown at [C:\re\workspace\8-2-build-windows-amd64-cygwin\jdk8u202\12323\hotspot\src\share\vm\runtime\sharedRuntime.cpp, line 605]
Event: 3.241 Thread 0x0000000002d92800 Exception <a 'java/lang/NoClassDefFoundError': javax/enterprise/inject/Typed> (0x000000076caef8b0) thrown at [C:\re\workspace\8-2-build-windows-amd64-cygwin\jdk8u202\12323\hotspot\src\share\vm\classfile\systemDictionary.cpp, line 199]
Event: 3.376 Thread 0x0000000002d92800 Exception <a 'java/lang/ArrayIndexOutOfBoundsException'> (0x000000076d440bc0) thrown at [C:\re\workspace\8-2-build-windows-amd64-cygwin\jdk8u202\12323\hotspot\src\share\vm\runtime\sharedRuntime.cpp, line 605]
Event: 3.377 Thread 0x0000000002d92800 Exception <a 'java/lang/ArrayIndexOutOfBoundsException'> (0x000000076d442750) thrown at [C:\re\workspace\8-2-build-windows-amd64-cygwin\jdk8u202\12323\hotspot\src\share\vm\runtime\sharedRuntime.cpp, line 605]
Event: 3.475 Thread 0x0000000002d92800 Exception <a 'java/lang/ArrayIndexOutOfBoundsException': 66> (0x000000076d757ca8) thrown at [C:\re\workspace\8-2-build-windows-amd64-cygwin\jdk8u202\12323\hotspot\src\share\vm\interpreter\interpreterRuntime.cpp, line 368]

Events (10 events):
Event: 4.508 loading class com/google/inject/internal/util/Classes
Event: 4.508 loading class com/google/inject/internal/util/Classes done
Event: 4.509 loading class com/google/inject/internal/ProvisionListenerCallbackStore$KeyBinding
Event: 4.509 loading class com/google/inject/internal/ProvisionListenerCallbackStore$KeyBinding done
Event: 4.510 loading class com/google/common/cache/LocalCache$StrongEntry
Event: 4.510 loading class com/google/common/cache/LocalCache$StrongEntry done
Event: 4.512 loading class com/google/common/cache/LocalCache$AbstractReferenceEntry
Event: 4.512 loading class com/google/common/cache/LocalCache$AbstractReferenceEntry done
Event: 4.513 Executing VM operation: Deoptimize
Event: 4.513 Executing VM operation: Deoptimize done


Dynamic libraries:
0x00007ff72b680000 - 0x00007ff72b6b7000 	C:\Program Files\Java\jdk1.8.0_202\bin\java.exe
0x00007ffd8b890000 - 0x00007ffd8baa4000 	C:\WINDOWS\SYSTEM32\ntdll.dll
0x00007ffd8b080000 - 0x00007ffd8b142000 	C:\WINDOWS\System32\KERNEL32.DLL
0x00007ffd89010000 - 0x00007ffd893ac000 	C:\WINDOWS\System32\KERNELBASE.dll
0x00007ffd8a1e0000 - 0x00007ffd8a28e000 	C:\WINDOWS\System32\ADVAPI32.dll
0x00007ffd8b340000 - 0x00007ffd8b3e7000 	C:\WINDOWS\System32\msvcrt.dll
0x00007ffd8a010000 - 0x00007ffd8a0b4000 	C:\WINDOWS\System32\sechost.dll
0x00007ffd89ef0000 - 0x00007ffd8a005000 	C:\WINDOWS\System32\RPCRT4.dll
0x00007ffd8b4f0000 - 0x00007ffd8b69a000 	C:\WINDOWS\System32\USER32.dll
0x00007ffd88fe0000 - 0x00007ffd89006000 	C:\WINDOWS\System32\win32u.dll
0x00007ffd8a120000 - 0x00007ffd8a149000 	C:\WINDOWS\System32\GDI32.dll
0x00007ffd89570000 - 0x00007ffd89682000 	C:\WINDOWS\System32\gdi32full.dll
0x00007ffd894d0000 - 0x00007ffd8956a000 	C:\WINDOWS\System32\msvcp_win.dll
0x00007ffd893b0000 - 0x00007ffd894c1000 	C:\WINDOWS\System32\ucrtbase.dll
0x00007ffd72410000 - 0x00007ffd7269e000 	C:\WINDOWS\WinSxS\amd64_microsoft.windows.common-controls_6595b64144ccf1df_6.0.22621.608_none_a9444ca7c10bb01d\COMCTL32.dll
0x00007ffd8b270000 - 0x00007ffd8b2a1000 	C:\WINDOWS\System32\IMM32.DLL
0x00000000698d0000 - 0x00000000699a2000 	C:\Program Files\Java\jdk1.8.0_202\jre\bin\msvcr100.dll
0x00000000684e0000 - 0x0000000068d85000 	C:\Program Files\Java\jdk1.8.0_202\jre\bin\server\jvm.dll
0x00007ffd8b840000 - 0x00007ffd8b848000 	C:\WINDOWS\System32\PSAPI.DLL
0x00007ffd7a3d0000 - 0x00007ffd7a3d9000 	C:\WINDOWS\SYSTEM32\WSOCK32.dll
0x00007ffd8b2b0000 - 0x00007ffd8b321000 	C:\WINDOWS\System32\WS2_32.dll
0x00007ffd77ec0000 - 0x00007ffd77ef4000 	C:\WINDOWS\SYSTEM32\WINMM.dll
0x00007ffd82090000 - 0x00007ffd8209a000 	C:\WINDOWS\SYSTEM32\VERSION.dll
0x00007ffd79e00000 - 0x00007ffd79e0f000 	C:\Program Files\Java\jdk1.8.0_202\jre\bin\verify.dll
0x00007ffd778c0000 - 0x00007ffd778e9000 	C:\Program Files\Java\jdk1.8.0_202\jre\bin\java.dll
0x00007ffd79de0000 - 0x00007ffd79df6000 	C:\Program Files\Java\jdk1.8.0_202\jre\bin\zip.dll
0x00007ffd8a7b0000 - 0x00007ffd8af8d000 	C:\WINDOWS\System32\SHELL32.dll
0x00007ffd86d20000 - 0x00007ffd875d7000 	C:\WINDOWS\SYSTEM32\windows.storage.dll
0x00007ffd896e0000 - 0x00007ffd89a69000 	C:\WINDOWS\System32\combase.dll
0x00007ffd86be0000 - 0x00007ffd86d1d000 	C:\WINDOWS\SYSTEM32\wintypes.dll
0x00007ffd8a3d0000 - 0x00007ffd8a4c1000 	C:\WINDOWS\System32\SHCORE.dll
0x00007ffd8a0c0000 - 0x00007ffd8a11e000 	C:\WINDOWS\System32\shlwapi.dll
0x00007ffd88bf0000 - 0x00007ffd88c11000 	C:\WINDOWS\SYSTEM32\profapi.dll
0x0000000069ac0000 - 0x0000000069ae4000 	C:\Program Files\NetBeans-15\netbeans\java\maven\lib\jansi-native\Windows\x86_64\jansi.dll

VM Arguments:
jvm_args: -Dclassworlds.conf=C:\Program Files\NetBeans-15\netbeans\java\maven\bin\m2.conf -Dmaven.home=C:\Program Files\NetBeans-15\netbeans\java\maven -Dlibrary.jansi.path=C:\Program Files\NetBeans-15\netbeans\java\maven\lib\jansi-native -Dmaven.multiModuleProjectDirectory=D:\Articloke 
java_command: org.codehaus.plexus.classworlds.launcher.Launcher -Dmaven.ext.class.path=C:\Program Files\NetBeans-15\netbeans\java\maven-nblib\netbeans-eventspy.jar -Dfile.encoding=UTF-8 install
java_class_path (initial): C:\Program Files\NetBeans-15\netbeans\java\maven\boot\plexus-classworlds-2.6.0.jar
Launcher Type: SUN_STANDARD

Environment Variables:
JAVA_HOME=C:\Program Files\Java\jdk1.8.0_202
PATH=C:\Program Files\Microsoft\jdk-11.0.12.7-hotspot\bin;C:\Program Files (x86)\Common Files\Oracle\Java\javapath;C:\WINDOWS\system32;C:\WINDOWS;C:\WINDOWS\System32\Wbem;C:\WINDOWS\System32\WindowsPowerShell\v1.0\;C:\WINDOWS\System32\OpenSSH\;C:\Program Files\Microsoft SQL Server\Client SDK\ODBC\170\Tools\Binn\;C:\Program Files (x86)\Microsoft SQL Server\150\Tools\Binn\;C:\Program Files\Microsoft SQL Server\150\Tools\Binn\;C:\Program Files\Microsoft SQL Server\150\DTS\Binn\;C:\Program Files (x86)\Microsoft SQL Server\150\DTS\Binn\;C:\Program Files\Azure Data Studio\bin;C:\Program Files\dotnet\;C:\Program Files\Git\cmd;C:\WINDOWS\system32;C:\WINDOWS;C:\WINDOWS\System32\Wbem;C:\WINDOWS\System32\WindowsPowerShell\v1.0\;C:\WINDOWS\System32\OpenSSH\;C:\Users\tucuo\AppData\Local\Microsoft\WindowsApps;C:\Program Files\Azure Data Studio\bin;C:\Users\tucuo\AppData\Local\GitHubDesktop\bin;C:\Users\tucuo\AppData\Local\Programs\Microsoft VS Code\bin;C:\Users\tucuo\.dotnet\tools;
USERNAME=tucuo
OS=Windows_NT
PROCESSOR_IDENTIFIER=Intel64 Family 6 Model 158 Stepping 13, GenuineIntel



---------------  S Y S T E M  ---------------

OS: Windows 10.0 , 64 bit Build 22621 (10.0.22621.608)

CPU:total 12 (initial active 12) (6 cores per cpu, 2 threads per core) family 6 model 158 stepping 13, cmov, cx8, fxsr, mmx, sse, sse2, sse3, ssse3, sse4.1, sse4.2, popcnt, avx, avx2, aes, clmul, erms, 3dnowpref, lzcnt, ht, tsc, tscinvbit, bmi1, bmi2, adx

Memory: 4k page, physical 16625524k(2102472k free), swap 46969712k(5120k free)

vm_info: Java HotSpot(TM) 64-Bit Server VM (25.202-b08) for windows-amd64 JRE (1.8.0_202-b08), built on Dec 15 2018 19:54:30 by "java_re" with MS VC++ 10.0 (VS2010)

time: Tue Nov 01 15:50:12 2022
timezone: SE Asia Standard Time
elapsed time: 4 seconds (0d 0h 0m 4s)

